ERROR:root:Failed to parse \F3.exists x.(_week(x) & \Q.Q(\w.TrueP,\z3.(_more(z3) & x(\F1 F2.F2(z3)))) & F3(x)). Error: 'x' is an illegal predicate name.  Individual variables may not be used as predicates.
\F3.exists x.(_week(x) & \Q.Q(\w.TrueP,\z3.(_more(z3) & x(\F1 F2.F2(z3)))) & F3(x))
                                                        ^
ERROR:root:An error occurred: 'x' is an illegal predicate name.  Individual variables may not be used as predicates.
\F3.exists x.(_week(x) & \Q.Q(\w.TrueP,\z3.(_more(z3) & x(\F1 F2.F2(z3)))) & F3(x))
                                                        ^
Sentence: It took the representatives more than a week to read the report .
Tree XML:
<sentence>
  <tokens>
    <token start="0" span="1" pos="PRP" chunk="I-NP" entity="O" cat="NP" id="t4_0" surf="It" base="it"/>
    <token start="1" span="1" pos="VBD" chunk="I-VP" entity="O" cat="(S[dcl]\NP)/NP" id="t4_1" surf="took" base="take"/>
    <token start="2" span="1" pos="DT" chunk="I-NP" entity="O" cat="NP[nb]/N" id="t4_2" surf="the" base="the"/>
    <token start="3" span="1" pos="NNS" chunk="I-NP" entity="O" cat="N" id="t4_3" surf="representatives" base="representative"/>
    <token start="4" span="1" pos="RBR" chunk="I-ADVP" entity="O" cat="(S\NP)\(S\NP)" id="t4_4" surf="more" base="more"/>
    <token start="5" span="1" pos="IN" chunk="I-PP" entity="O" cat="(((S\NP)\(S\NP))\((S\NP)\(S\NP)))/NP" id="t4_5" surf="than" base="than"/>
    <token start="6" span="1" pos="DT" chunk="I-NP" entity="O" cat="NP[nb]/N" id="t4_6" surf="a" base="a"/>
    <token start="7" span="1" pos="NN" chunk="I-NP" entity="O" cat="N" id="t4_7" surf="week" base="week"/>
    <token start="8" span="1" pos="TO" chunk="I-VP" entity="O" cat="(S[to]\NP)/(S[b]\NP)" id="t4_8" surf="to" base="to"/>
    <token start="9" span="1" pos="VB" chunk="I-VP" entity="O" cat="(S[b]\NP)/NP" id="t4_9" surf="read" base="read"/>
    <token start="10" span="1" pos="DT" chunk="I-NP" entity="O" cat="NP[nb]/N" id="t4_10" surf="the" base="the"/>
    <token start="11" span="1" pos="NN" chunk="I-NP" entity="O" cat="N" id="t4_11" surf="report" base="report"/>
    <token start="12" span="1" pos="." chunk="O" entity="O" cat="." id="t4_12" surf="." base="."/>
  </tokens>
  <ccg root="s4_sp0" id="s4_ccg0">
    <span root="true" id="s4_sp0" child="s4_sp1 s4_sp25" pos="None" category="S[dcl=true]" rule="rp"/>
    <span id="s4_sp1" child="s4_sp2 s4_sp3" pos="None" category="S[dcl=true]" rule="ba"/>
    <span start="0" span="1" pos="PRP" chunk="I-NP" entity="O" id="s4_sp2" surf="It" base="it" terminal="t4_0" category="NP"/>
    <span id="s4_sp3" child="s4_sp4 s4_sp17" pos="None" category="S[dcl=true]\NP" rule="ba"/>
    <span id="s4_sp4" child="s4_sp5 s4_sp10" pos="None" category="S[dcl=true]\NP" rule="ba"/>
    <span id="s4_sp5" child="s4_sp6 s4_sp7" pos="None" category="S[dcl=true]\NP" rule="fa"/>
    <span start="1" span="1" pos="VBD" chunk="I-VP" entity="O" id="s4_sp6" surf="took" base="take" terminal="t4_1" category="(S[dcl=true]\NP)/NP"/>
    <span id="s4_sp7" child="s4_sp8 s4_sp9" pos="None" category="NP[nb=true]" rule="fa"/>
    <span start="2" span="1" pos="DT" chunk="I-NP" entity="O" id="s4_sp8" surf="the" base="the" terminal="t4_2" category="NP[nb=true]/N"/>
    <span start="3" span="1" pos="NNS" chunk="I-NP" entity="O" id="s4_sp9" surf="representatives" base="representative" terminal="t4_3" category="N"/>
    <span id="s4_sp10" child="s4_sp11 s4_sp12" pos="None" category="(S[X=true]\NP)\(S[X=true]\NP)" rule="ba"/>
    <span start="4" span="1" pos="RBR" chunk="I-ADVP" entity="O" id="s4_sp11" surf="more" base="more" terminal="t4_4" category="(S\NP)\(S\NP)"/>
    <span id="s4_sp12" child="s4_sp13 s4_sp14" pos="None" category="((S[X=true]\NP)\(S[X=true]\NP))\((S[X=true]\NP)\(S[X=true]\NP))" rule="fa"/>
    <span start="5" span="1" pos="IN" chunk="I-PP" entity="O" id="s4_sp13" surf="than" base="than" terminal="t4_5" category="(((S\NP)\(S\NP))\((S\NP)\(S\NP)))/NP"/>
    <span id="s4_sp14" child="s4_sp15 s4_sp16" pos="None" category="NP[nb=true]" rule="fa"/>
    <span start="6" span="1" pos="DT" chunk="I-NP" entity="O" id="s4_sp15" surf="a" base="a" terminal="t4_6" category="NP[nb=true]/N"/>
    <span start="7" span="1" pos="NN" chunk="I-NP" entity="O" id="s4_sp16" surf="week" base="week" terminal="t4_7" category="N"/>
    <span id="s4_sp17" child="s4_sp18" pos="None" category="(S[X=true]\NP)\(S[X=true]\NP)" rule="lex"/>
    <span id="s4_sp18" child="s4_sp19 s4_sp20" pos="None" category="S[to=true]\NP" rule="fa"/>
    <span start="8" span="1" pos="TO" chunk="I-VP" entity="O" id="s4_sp19" surf="to" base="to" terminal="t4_8" category="(S[to=true]\NP)/(S[b=true]\NP)"/>
    <span id="s4_sp20" child="s4_sp21 s4_sp22" pos="None" category="S[b=true]\NP" rule="fa"/>
    <span start="9" span="1" pos="VB" chunk="I-VP" entity="O" id="s4_sp21" surf="read" base="read" terminal="t4_9" category="(S[b=true]\NP)/NP"/>
    <span id="s4_sp22" child="s4_sp23 s4_sp24" pos="None" category="NP[nb=true]" rule="fa"/>
    <span start="10" span="1" pos="DT" chunk="I-NP" entity="O" id="s4_sp23" surf="the" base="the" terminal="t4_10" category="NP[nb=true]/N"/>
    <span start="11" span="1" pos="NN" chunk="I-NP" entity="O" id="s4_sp24" surf="report" base="report" terminal="t4_11" category="N"/>
    <span start="12" span="1" pos="." chunk="O" entity="O" id="s4_sp25" surf="." base="." terminal="t4_12" category="."/>
  </ccg>
</sentence>

