ERROR:root:Failed to parse (_10(\x._more(x)) & TrueP)(\x._year(x)). Error: The function '(_10(\x._more(x)) & TrueP)' is not a Lambda Expression, an Application Expression, or a functional predicate, so it may not take arguments.
(_10(\x._more(x)) & TrueP)(\x._year(x))
                         ^
ERROR:root:An error occurred: The function '(_10(\x._more(x)) & TrueP)' is not a Lambda Expression, an Application Expression, or a functional predicate, so it may not take arguments.
(_10(\x._more(x)) & TrueP)(\x._year(x))
                         ^
Sentence: Since APCOM bought its present office building it has been paying mortgage interest on it for more than 10 years .
Tree XML:
<sentence>
  <tokens>
    <token start="0" span="1" pos="IN" chunk="I-SBAR" entity="O" cat="(S/S)/S[dcl]" id="t1_0" surf="Since" base="since"/>
    <token start="1" span="1" pos="NNP" chunk="I-NP" entity="I-ORG" cat="N" id="t1_1" surf="APCOM" base="apcom"/>
    <token start="2" span="1" pos="VBD" chunk="I-VP" entity="O" cat="(S[dcl]\NP)/NP" id="t1_2" surf="bought" base="buy"/>
    <token start="3" span="1" pos="PRP$" chunk="I-NP" entity="O" cat="NP[nb]/N" id="t1_3" surf="its" base="its"/>
    <token start="4" span="1" pos="JJ" chunk="I-NP" entity="O" cat="N/N" id="t1_4" surf="present" base="present"/>
    <token start="5" span="1" pos="NN" chunk="I-NP" entity="O" cat="N/N" id="t1_5" surf="office" base="office"/>
    <token start="6" span="1" pos="NN" chunk="I-NP" entity="O" cat="N" id="t1_6" surf="building" base="building"/>
    <token start="7" span="1" pos="PRP" chunk="B-NP" entity="O" cat="NP" id="t1_7" surf="it" base="it"/>
    <token start="8" span="1" pos="VBZ" chunk="I-VP" entity="O" cat="(S[dcl]\NP)/(S[pt]\NP)" id="t1_8" surf="has" base="have"/>
    <token start="9" span="1" pos="VBN" chunk="I-VP" entity="O" cat="(S[pt]\NP)/(S[ng]\NP)" id="t1_9" surf="been" base="be"/>
    <token start="10" span="1" pos="VBG" chunk="I-VP" entity="O" cat="((S[ng]\NP)/PP)/NP" id="t1_10" surf="paying" base="pay"/>
    <token start="11" span="1" pos="NN" chunk="I-NP" entity="O" cat="N/N" id="t1_11" surf="mortgage" base="mortgage"/>
    <token start="12" span="1" pos="NN" chunk="I-NP" entity="O" cat="N" id="t1_12" surf="interest" base="interest"/>
    <token start="13" span="1" pos="IN" chunk="I-PP" entity="O" cat="PP/NP" id="t1_13" surf="on" base="on"/>
    <token start="14" span="1" pos="PRP" chunk="I-NP" entity="O" cat="NP" id="t1_14" surf="it" base="it"/>
    <token start="15" span="1" pos="IN" chunk="I-PP" entity="O" cat="((S\NP)\(S\NP))/NP" id="t1_15" surf="for" base="for"/>
    <token start="16" span="1" pos="JJR" chunk="I-NP" entity="O" cat="S[adj]\NP" id="t1_16" surf="more" base="more"/>
    <token start="17" span="1" pos="IN" chunk="I-NP" entity="O" cat="((N/N)/(N/N))\(S[adj]\NP)" id="t1_17" surf="than" base="than"/>
    <token start="18" span="1" pos="CD" chunk="I-NP" entity="I-DAT" cat="N/N" id="t1_18" surf="10" base="10"/>
    <token start="19" span="1" pos="NNS" chunk="I-NP" entity="I-DAT" cat="N" id="t1_19" surf="years" base="year"/>
    <token start="20" span="1" pos="." chunk="O" entity="O" cat="." id="t1_20" surf="." base="."/>
  </tokens>
  <ccg root="s1_sp0" id="s1_ccg0">
    <span root="true" id="s1_sp0" child="s1_sp1 s1_sp15" pos="None" category="S[dcl=true]" rule="fa"/>
    <span id="s1_sp1" child="s1_sp2 s1_sp3" pos="None" category="S[X=true]/S[X=true]" rule="fa"/>
    <span start="0" span="1" pos="IN" chunk="I-SBAR" entity="O" id="s1_sp2" surf="Since" base="since" terminal="t1_0" category="(S/S)/S[dcl=true]"/>
    <span id="s1_sp3" child="s1_sp4 s1_sp6" pos="None" category="S[dcl=true]" rule="ba"/>
    <span id="s1_sp4" child="s1_sp5" pos="None" category="NP" rule="lex"/>
    <span start="1" span="1" pos="NNP" chunk="I-NP" entity="I-ORG" id="s1_sp5" surf="APCOM" base="apcom" terminal="t1_1" category="N"/>
    <span id="s1_sp6" child="s1_sp7 s1_sp8" pos="None" category="S[dcl=true]\NP" rule="fa"/>
    <span start="2" span="1" pos="VBD" chunk="I-VP" entity="O" id="s1_sp7" surf="bought" base="buy" terminal="t1_2" category="(S[dcl=true]\NP)/NP"/>
    <span id="s1_sp8" child="s1_sp9 s1_sp10" pos="None" category="NP[nb=true]" rule="fa"/>
    <span start="3" span="1" pos="PRP$" chunk="I-NP" entity="O" id="s1_sp9" surf="its" base="its" terminal="t1_3" category="NP[nb=true]/N"/>
    <span id="s1_sp10" child="s1_sp11 s1_sp12" pos="None" category="N" rule="fa"/>
    <span start="4" span="1" pos="JJ" chunk="I-NP" entity="O" id="s1_sp11" surf="present" base="present" terminal="t1_4" category="N/N"/>
    <span id="s1_sp12" child="s1_sp13 s1_sp14" pos="None" category="N" rule="fa"/>
    <span start="5" span="1" pos="NN" chunk="I-NP" entity="O" id="s1_sp13" surf="office" base="office" terminal="t1_5" category="N/N"/>
    <span start="6" span="1" pos="NN" chunk="I-NP" entity="O" id="s1_sp14" surf="building" base="building" terminal="t1_6" category="N"/>
    <span id="s1_sp15" child="s1_sp16 s1_sp43" pos="None" category="S[dcl=true]" rule="rp"/>
    <span id="s1_sp16" child="s1_sp17 s1_sp18" pos="None" category="S[dcl=true]" rule="ba"/>
    <span start="7" span="1" pos="PRP" chunk="B-NP" entity="O" id="s1_sp17" surf="it" base="it" terminal="t1_7" category="NP"/>
    <span id="s1_sp18" child="s1_sp19 s1_sp20" pos="None" category="S[dcl=true]\NP" rule="fa"/>
    <span start="8" span="1" pos="VBZ" chunk="I-VP" entity="O" id="s1_sp19" surf="has" base="have" terminal="t1_8" category="(S[dcl=true]\NP)/(S[pt=true]\NP)"/>
    <span id="s1_sp20" child="s1_sp21 s1_sp22" pos="None" category="S[pt=true]\NP" rule="fa"/>
    <span start="9" span="1" pos="VBN" chunk="I-VP" entity="O" id="s1_sp21" surf="been" base="be" terminal="t1_9" category="(S[pt=true]\NP)/(S[ng=true]\NP)"/>
    <span id="s1_sp22" child="s1_sp23 s1_sp33" pos="None" category="S[ng=true]\NP" rule="ba"/>
    <span id="s1_sp23" child="s1_sp24 s1_sp30" pos="None" category="S[ng=true]\NP" rule="fa"/>
    <span id="s1_sp24" child="s1_sp25 s1_sp26" pos="None" category="(S[ng=true]\NP)/PP" rule="fa"/>
    <span start="10" span="1" pos="VBG" chunk="I-VP" entity="O" id="s1_sp25" surf="paying" base="pay" terminal="t1_10" category="((S[ng=true]\NP)/PP)/NP"/>
    <span id="s1_sp26" child="s1_sp27" pos="None" category="NP" rule="lex"/>
    <span id="s1_sp27" child="s1_sp28 s1_sp29" pos="None" category="N" rule="fa"/>
    <span start="11" span="1" pos="NN" chunk="I-NP" entity="O" id="s1_sp28" surf="mortgage" base="mortgage" terminal="t1_11" category="N/N"/>
    <span start="12" span="1" pos="NN" chunk="I-NP" entity="O" id="s1_sp29" surf="interest" base="interest" terminal="t1_12" category="N"/>
    <span id="s1_sp30" child="s1_sp31 s1_sp32" pos="None" category="PP" rule="fa"/>
    <span start="13" span="1" pos="IN" chunk="I-PP" entity="O" id="s1_sp31" surf="on" base="on" terminal="t1_13" category="PP/NP"/>
    <span start="14" span="1" pos="PRP" chunk="I-NP" entity="O" id="s1_sp32" surf="it" base="it" terminal="t1_14" category="NP"/>
    <span id="s1_sp33" child="s1_sp34 s1_sp35" pos="None" category="(S[X=true]\NP)\(S[X=true]\NP)" rule="fa"/>
    <span start="15" span="1" pos="IN" chunk="I-PP" entity="O" id="s1_sp34" surf="for" base="for" terminal="t1_15" category="((S\NP)\(S\NP))/NP"/>
    <span id="s1_sp35" child="s1_sp36" pos="None" category="NP" rule="lex"/>
    <span id="s1_sp36" child="s1_sp37 s1_sp42" pos="None" category="N" rule="fa"/>
    <span id="s1_sp37" child="s1_sp38 s1_sp41" pos="None" category="N/N" rule="fa"/>
    <span id="s1_sp38" child="s1_sp39 s1_sp40" pos="None" category="(N/N)/(N/N)" rule="ba"/>
    <span start="16" span="1" pos="JJR" chunk="I-NP" entity="O" id="s1_sp39" surf="more" base="more" terminal="t1_16" category="S[adj=true]\NP"/>
    <span start="17" span="1" pos="IN" chunk="I-NP" entity="O" id="s1_sp40" surf="than" base="than" terminal="t1_17" category="((N/N)/(N/N))\(S[adj=true]\NP)"/>
    <span start="18" span="1" pos="CD" chunk="I-NP" entity="I-DAT" id="s1_sp41" surf="10" base="10" terminal="t1_18" category="N/N"/>
    <span start="19" span="1" pos="NNS" chunk="I-NP" entity="I-DAT" id="s1_sp42" surf="years" base="year" terminal="t1_19" category="N"/>
    <span start="20" span="1" pos="." chunk="O" entity="O" id="s1_sp43" surf="." base="." terminal="t1_20" category="."/>
  </ccg>
</sentence>

