ERROR:root:Failed to parse \Q2.Q2(\w.TrueP,\x.exists z4.(_train(z4) & TrueP & _by(x,z4) & (\F3.exists z5.(_car(z5) & TrueP & F3(z5)) & exists z6.((z6 = _bill) & \F2.exists z6.(_car(z6) & _bill(z6) & F2(z6)) & TrueP))(x))). Error: The function '(\F3.exists z5.(_car(z5) & TrueP & F3(z5)) & exists z6.((z6 = _bill) & \F2.exists z6.(_car(z6) & _bill(z6) & F2(z6)) & TrueP))' is not a Lambda Expression, an Application Expression, or a functional predicate, so it may not take arguments.
\Q2.Q2(\w.TrueP,\x.exists z4.(_train(z4) & TrueP & _by(x,z4) & (\F3.exists z5.(_car(z5) & TrueP & F3(z5)) & exists z6.((z6 = _bill) & \F2.exists z6.(_car(z6) & _bill(z6) & F2(z6)) & TrueP))(x)))
                                                                                                                                                                                            ^
ERROR:root:An error occurred: The function '(\F3.exists z5.(_car(z5) & TrueP & F3(z5)) & exists z6.((z6 = _bill) & \F2.exists z6.(_car(z6) & _bill(z6) & F2(z6)) & TrueP))' is not a Lambda Expression, an Application Expression, or a functional predicate, so it may not take arguments.
\Q2.Q2(\w.TrueP,\x.exists z4.(_train(z4) & TrueP & _by(x,z4) & (\F3.exists z5.(_car(z5) & TrueP & F3(z5)) & exists z6.((z6 = _bill) & \F2.exists z6.(_car(z6) & _bill(z6) & F2(z6)) & TrueP))(x)))
                                                                                                                                                                                            ^
Sentence: John went to Paris by car , and Bill by train .
Tree XML:
<sentence>
  <tokens>
    <token start="0" span="1" pos="NNP" chunk="I-NP" entity="I-PER" cat="N" id="t0_0" surf="John" base="john"/>
    <token start="1" span="1" pos="VBD" chunk="I-VP" entity="O" cat="S[dcl]\NP" id="t0_1" surf="went" base="go"/>
    <token start="2" span="1" pos="TO" chunk="I-PP" entity="O" cat="((S\NP)\(S\NP))/NP" id="t0_2" surf="to" base="to"/>
    <token start="3" span="1" pos="NNP" chunk="I-NP" entity="I-LOC" cat="N" id="t0_3" surf="Paris" base="paris"/>
    <token start="4" span="1" pos="IN" chunk="I-PP" entity="O" cat="((S\NP)\(S\NP))/NP" id="t0_4" surf="by" base="by"/>
    <token start="5" span="1" pos="NN" chunk="I-NP" entity="O" cat="N" id="t0_5" surf="car" base="car"/>
    <token start="6" span="1" pos="," chunk="O" entity="O" cat="," id="t0_6" surf="," base=","/>
    <token start="7" span="1" pos="CC" chunk="O" entity="O" cat="conj" id="t0_7" surf="and" base="and"/>
    <token start="8" span="1" pos="NNP" chunk="I-NP" entity="O" cat="N" id="t0_8" surf="Bill" base="bill"/>
    <token start="9" span="1" pos="IN" chunk="I-PP" entity="O" cat="((S\NP)\(S\NP))/NP" id="t0_9" surf="by" base="by"/>
    <token start="10" span="1" pos="NN" chunk="I-NP" entity="O" cat="N" id="t0_10" surf="train" base="train"/>
    <token start="11" span="1" pos="." chunk="O" entity="O" cat="." id="t0_11" surf="." base="."/>
  </tokens>
  <ccg root="s0_sp0" id="s0_ccg0">
    <span root="true" id="s0_sp0" child="s0_sp1 s0_sp27" pos="None" category="S[dcl=true]" rule="rp"/>
    <span id="s0_sp1" child="s0_sp2 s0_sp4" pos="None" category="S[dcl=true]" rule="ba"/>
    <span id="s0_sp2" child="s0_sp3" pos="None" category="NP" rule="lex"/>
    <span start="0" span="1" pos="NNP" chunk="I-NP" entity="I-PER" id="s0_sp3" surf="John" base="john" terminal="t0_0" category="N"/>
    <span id="s0_sp4" child="s0_sp5 s0_sp23" pos="None" category="S[dcl=true]\NP" rule="ba"/>
    <span id="s0_sp5" child="s0_sp6 s0_sp12" pos="None" category="S[dcl=true]\NP" rule="ba"/>
    <span id="s0_sp6" child="s0_sp7 s0_sp8" pos="None" category="S[dcl=true]\NP" rule="ba"/>
    <span start="1" span="1" pos="VBD" chunk="I-VP" entity="O" id="s0_sp7" surf="went" base="go" terminal="t0_1" category="S[dcl=true]\NP"/>
    <span id="s0_sp8" child="s0_sp9 s0_sp10" pos="None" category="(S[X=true]\NP)\(S[X=true]\NP)" rule="fa"/>
    <span start="2" span="1" pos="TO" chunk="I-PP" entity="O" id="s0_sp9" surf="to" base="to" terminal="t0_2" category="((S\NP)\(S\NP))/NP"/>
    <span id="s0_sp10" child="s0_sp11" pos="None" category="NP" rule="lex"/>
    <span start="3" span="1" pos="NNP" chunk="I-NP" entity="I-LOC" id="s0_sp11" surf="Paris" base="paris" terminal="t0_3" category="N"/>
    <span id="s0_sp12" child="s0_sp13 s0_sp14" pos="None" category="(S[X=true]\NP)\(S[X=true]\NP)" rule="fa"/>
    <span start="4" span="1" pos="IN" chunk="I-PP" entity="O" id="s0_sp13" surf="by" base="by" terminal="t0_4" category="((S\NP)\(S\NP))/NP"/>
    <span id="s0_sp14" child="s0_sp15 s0_sp17" pos="None" category="NP" rule="ba"/>
    <span id="s0_sp15" child="s0_sp16" pos="None" category="NP" rule="lex"/>
    <span start="5" span="1" pos="NN" chunk="I-NP" entity="O" id="s0_sp16" surf="car" base="car" terminal="t0_5" category="N"/>
    <span id="s0_sp17" child="s0_sp18 s0_sp19" pos="None" category="NP\NP" rule="lp"/>
    <span start="6" span="1" pos="," chunk="O" entity="O" id="s0_sp18" surf="," base="," terminal="t0_6" category="=true,"/>
    <span id="s0_sp19" child="s0_sp20 s0_sp21" pos="None" category="NP\NP" rule="conj"/>
    <span start="7" span="1" pos="CC" chunk="O" entity="O" id="s0_sp20" surf="and" base="and" terminal="t0_7" category="conj"/>
    <span id="s0_sp21" child="s0_sp22" pos="None" category="NP" rule="lex"/>
    <span start="8" span="1" pos="NNP" chunk="I-NP" entity="O" id="s0_sp22" surf="Bill" base="bill" terminal="t0_8" category="N"/>
    <span id="s0_sp23" child="s0_sp24 s0_sp25" pos="None" category="(S[X=true]\NP)\(S[X=true]\NP)" rule="fa"/>
    <span start="9" span="1" pos="IN" chunk="I-PP" entity="O" id="s0_sp24" surf="by" base="by" terminal="t0_9" category="((S\NP)\(S\NP))/NP"/>
    <span id="s0_sp25" child="s0_sp26" pos="None" category="NP" rule="lex"/>
    <span start="10" span="1" pos="NN" chunk="I-NP" entity="O" id="s0_sp26" surf="train" base="train" terminal="t0_10" category="N"/>
    <span start="11" span="1" pos="." chunk="O" entity="O" id="s0_sp27" surf="." base="." terminal="t0_11" category="."/>
  </ccg>
</sentence>

