ERROR:root:Failed to parse (_two(\x._more(x)) & TrueP)(\x._year(x)). Error: The function '(_two(\x._more(x)) & TrueP)' is not a Lambda Expression, an Application Expression, or a functional predicate, so it may not take arguments.
(_two(\x._more(x)) & TrueP)(\x._year(x))
                          ^
ERROR:root:An error occurred: The function '(_two(\x._more(x)) & TrueP)' is not a Lambda Expression, an Application Expression, or a functional predicate, so it may not take arguments.
(_two(\x._more(x)) & TrueP)(\x._year(x))
                          ^
Sentence: Smith owned a chain of business for more than two years .
Tree XML:
<sentence>
  <tokens>
    <token start="0" span="1" pos="NNP" chunk="I-NP" entity="I-PER" cat="N" id="t1_0" surf="Smith" base="smith"/>
    <token start="1" span="1" pos="VBD" chunk="I-VP" entity="O" cat="(S[dcl]\NP)/NP" id="t1_1" surf="owned" base="own"/>
    <token start="2" span="1" pos="DT" chunk="I-NP" entity="O" cat="NP[nb]/N" id="t1_2" surf="a" base="a"/>
    <token start="3" span="1" pos="NN" chunk="I-NP" entity="O" cat="N" id="t1_3" surf="chain" base="chain"/>
    <token start="4" span="1" pos="IN" chunk="I-PP" entity="O" cat="(NP\NP)/NP" id="t1_4" surf="of" base="of"/>
    <token start="5" span="1" pos="NN" chunk="I-NP" entity="O" cat="N" id="t1_5" surf="business" base="business"/>
    <token start="6" span="1" pos="IN" chunk="I-PP" entity="O" cat="((S\NP)\(S\NP))/NP" id="t1_6" surf="for" base="for"/>
    <token start="7" span="1" pos="JJR" chunk="I-NP" entity="O" cat="S[adj]\NP" id="t1_7" surf="more" base="more"/>
    <token start="8" span="1" pos="IN" chunk="I-NP" entity="O" cat="((N/N)/(N/N))\(S[adj]\NP)" id="t1_8" surf="than" base="than"/>
    <token start="9" span="1" pos="CD" chunk="I-NP" entity="I-DAT" cat="N/N" id="t1_9" surf="two" base="two"/>
    <token start="10" span="1" pos="NNS" chunk="I-NP" entity="I-DAT" cat="N" id="t1_10" surf="years" base="year"/>
    <token start="11" span="1" pos="." chunk="O" entity="O" cat="." id="t1_11" surf="." base="."/>
  </tokens>
  <ccg root="s1_sp0" id="s1_ccg0">
    <span root="true" id="s1_sp0" child="s1_sp1 s1_sp25" pos="None" category="S[dcl=true]" rule="rp"/>
    <span id="s1_sp1" child="s1_sp2 s1_sp4" pos="None" category="S[dcl=true]" rule="ba"/>
    <span id="s1_sp2" child="s1_sp3" pos="None" category="NP" rule="lex"/>
    <span start="0" span="1" pos="NNP" chunk="I-NP" entity="I-PER" id="s1_sp3" surf="Smith" base="smith" terminal="t1_0" category="N"/>
    <span id="s1_sp4" child="s1_sp5 s1_sp15" pos="None" category="S[dcl=true]\NP" rule="ba"/>
    <span id="s1_sp5" child="s1_sp6 s1_sp7" pos="None" category="S[dcl=true]\NP" rule="fa"/>
    <span start="1" span="1" pos="VBD" chunk="I-VP" entity="O" id="s1_sp6" surf="owned" base="own" terminal="t1_1" category="(S[dcl=true]\NP)/NP"/>
    <span id="s1_sp7" child="s1_sp8 s1_sp11" pos="None" category="NP" rule="ba"/>
    <span id="s1_sp8" child="s1_sp9 s1_sp10" pos="None" category="NP[nb=true]" rule="fa"/>
    <span start="2" span="1" pos="DT" chunk="I-NP" entity="O" id="s1_sp9" surf="a" base="a" terminal="t1_2" category="NP[nb=true]/N"/>
    <span start="3" span="1" pos="NN" chunk="I-NP" entity="O" id="s1_sp10" surf="chain" base="chain" terminal="t1_3" category="N"/>
    <span id="s1_sp11" child="s1_sp12 s1_sp13" pos="None" category="NP\NP" rule="fa"/>
    <span start="4" span="1" pos="IN" chunk="I-PP" entity="O" id="s1_sp12" surf="of" base="of" terminal="t1_4" category="(NP\NP)/NP"/>
    <span id="s1_sp13" child="s1_sp14" pos="None" category="NP" rule="lex"/>
    <span start="5" span="1" pos="NN" chunk="I-NP" entity="O" id="s1_sp14" surf="business" base="business" terminal="t1_5" category="N"/>
    <span id="s1_sp15" child="s1_sp16 s1_sp17" pos="None" category="(S[X=true]\NP)\(S[X=true]\NP)" rule="fa"/>
    <span start="6" span="1" pos="IN" chunk="I-PP" entity="O" id="s1_sp16" surf="for" base="for" terminal="t1_6" category="((S\NP)\(S\NP))/NP"/>
    <span id="s1_sp17" child="s1_sp18" pos="None" category="NP" rule="lex"/>
    <span id="s1_sp18" child="s1_sp19 s1_sp24" pos="None" category="N" rule="fa"/>
    <span id="s1_sp19" child="s1_sp20 s1_sp23" pos="None" category="N/N" rule="fa"/>
    <span id="s1_sp20" child="s1_sp21 s1_sp22" pos="None" category="(N/N)/(N/N)" rule="ba"/>
    <span start="7" span="1" pos="JJR" chunk="I-NP" entity="O" id="s1_sp21" surf="more" base="more" terminal="t1_7" category="S[adj=true]\NP"/>
    <span start="8" span="1" pos="IN" chunk="I-NP" entity="O" id="s1_sp22" surf="than" base="than" terminal="t1_8" category="((N/N)/(N/N))\(S[adj=true]\NP)"/>
    <span start="9" span="1" pos="CD" chunk="I-NP" entity="I-DAT" id="s1_sp23" surf="two" base="two" terminal="t1_9" category="N/N"/>
    <span start="10" span="1" pos="NNS" chunk="I-NP" entity="I-DAT" id="s1_sp24" surf="years" base="year" terminal="t1_10" category="N"/>
    <span start="11" span="1" pos="." chunk="O" entity="O" id="s1_sp25" surf="." base="." terminal="t1_11" category="."/>
  </ccg>
</sentence>

