ERROR:root:Failed to parse (exists x.((x = _jones) & _jones & \F2.exists x.((x = _smith) & _jones(_smith) & F2(_smith))) & exists x.(_several(x) & _lawyer(x) & x & \F2.exists z1.((z1 = _smith) & x(_smith) & F2(_smith)))). Error: 'x' is an illegal predicate name.  Individual variables may not be used as predicates.
(exists x.((x = _jones) & _jones & \F2.exists x.((x = _smith) & _jones(_smith) & F2(_smith))) & exists x.(_several(x) & _lawyer(x) & x & \F2.exists z1.((z1 = _smith) & x(_smith) & F2(_smith))))
                                                                                                                                                                        ^
ERROR:root:An error occurred: 'x' is an illegal predicate name.  Individual variables may not be used as predicates.
(exists x.((x = _jones) & _jones & \F2.exists x.((x = _smith) & _jones(_smith) & F2(_smith))) & exists x.(_several(x) & _lawyer(x) & x & \F2.exists z1.((z1 = _smith) & x(_smith) & F2(_smith))))
                                                                                                                                                                        ^
Sentence: Smith , Jones and several lawyers signed the contract .
Tree XML:
<sentence>
  <tokens>
    <token start="0" span="1" pos="NNP" chunk="I-NP" entity="I-PER" cat="N" id="t0_0" surf="Smith" base="smith"/>
    <token start="1" span="1" pos="," chunk="O" entity="O" cat="," id="t0_1" surf="," base=","/>
    <token start="2" span="1" pos="NNP" chunk="I-NP" entity="I-PER" cat="N" id="t0_2" surf="Jones" base="jones"/>
    <token start="3" span="1" pos="CC" chunk="O" entity="O" cat="conj" id="t0_3" surf="and" base="and"/>
    <token start="4" span="1" pos="JJ" chunk="I-NP" entity="O" cat="N/N" id="t0_4" surf="several" base="several"/>
    <token start="5" span="1" pos="NNS" chunk="I-NP" entity="O" cat="N" id="t0_5" surf="lawyers" base="lawyer"/>
    <token start="6" span="1" pos="VBD" chunk="I-VP" entity="O" cat="(S[dcl]\NP)/NP" id="t0_6" surf="signed" base="sign"/>
    <token start="7" span="1" pos="DT" chunk="I-NP" entity="O" cat="NP[nb]/N" id="t0_7" surf="the" base="the"/>
    <token start="8" span="1" pos="NN" chunk="I-NP" entity="O" cat="N" id="t0_8" surf="contract" base="contract"/>
    <token start="9" span="1" pos="." chunk="O" entity="O" cat="." id="t0_9" surf="." base="."/>
  </tokens>
  <ccg root="s0_sp0" id="s0_ccg0">
    <span root="true" id="s0_sp0" child="s0_sp1 s0_sp21" pos="None" category="S[dcl=true]" rule="rp"/>
    <span id="s0_sp1" child="s0_sp2 s0_sp16" pos="None" category="S[dcl=true]" rule="ba"/>
    <span id="s0_sp2" child="s0_sp3 s0_sp5" pos="None" category="NP" rule="ba"/>
    <span id="s0_sp3" child="s0_sp4" pos="None" category="NP" rule="lex"/>
    <span start="0" span="1" pos="NNP" chunk="I-NP" entity="I-PER" id="s0_sp4" surf="Smith" base="smith" terminal="t0_0" category="N"/>
    <span id="s0_sp5" child="s0_sp6 s0_sp7" pos="None" category="NP\NP" rule="lp"/>
    <span start="1" span="1" pos="," chunk="O" entity="O" id="s0_sp6" surf="," base="," terminal="t0_1" category="=true,"/>
    <span id="s0_sp7" child="s0_sp8 s0_sp10" pos="None" category="NP" rule="ba"/>
    <span id="s0_sp8" child="s0_sp9" pos="None" category="NP" rule="lex"/>
    <span start="2" span="1" pos="NNP" chunk="I-NP" entity="I-PER" id="s0_sp9" surf="Jones" base="jones" terminal="t0_2" category="N"/>
    <span id="s0_sp10" child="s0_sp11 s0_sp12" pos="None" category="NP\NP" rule="conj"/>
    <span start="3" span="1" pos="CC" chunk="O" entity="O" id="s0_sp11" surf="and" base="and" terminal="t0_3" category="conj"/>
    <span id="s0_sp12" child="s0_sp13" pos="None" category="NP" rule="lex"/>
    <span id="s0_sp13" child="s0_sp14 s0_sp15" pos="None" category="N" rule="fa"/>
    <span start="4" span="1" pos="JJ" chunk="I-NP" entity="O" id="s0_sp14" surf="several" base="several" terminal="t0_4" category="N/N"/>
    <span start="5" span="1" pos="NNS" chunk="I-NP" entity="O" id="s0_sp15" surf="lawyers" base="lawyer" terminal="t0_5" category="N"/>
    <span id="s0_sp16" child="s0_sp17 s0_sp18" pos="None" category="S[dcl=true]\NP" rule="fa"/>
    <span start="6" span="1" pos="VBD" chunk="I-VP" entity="O" id="s0_sp17" surf="signed" base="sign" terminal="t0_6" category="(S[dcl=true]\NP)/NP"/>
    <span id="s0_sp18" child="s0_sp19 s0_sp20" pos="None" category="NP[nb=true]" rule="fa"/>
    <span start="7" span="1" pos="DT" chunk="I-NP" entity="O" id="s0_sp19" surf="the" base="the" terminal="t0_7" category="NP[nb=true]/N"/>
    <span start="8" span="1" pos="NN" chunk="I-NP" entity="O" id="s0_sp20" surf="contract" base="contract" terminal="t0_8" category="N"/>
    <span start="9" span="1" pos="." chunk="O" entity="O" id="s0_sp21" surf="." base="." terminal="t0_9" category="."/>
  </ccg>
</sentence>

