ERROR:root:Failed to parse \F2.(\F3.exists x.(_car(x) & F2(x) & F3(x)) & exists x.(_student(x) & \F2.exists z4.(_car(z4) & x(z4) & F2(z4)) & F2(x))). Error: 'x' is an illegal predicate name.  Individual variables may not be used as predicates.
\F2.(\F3.exists x.(_car(x) & F2(x) & F3(x)) & exists x.(_student(x) & \F2.exists z4.(_car(z4) & x(z4) & F2(z4)) & F2(x)))
                                                                                                ^
ERROR:root:An error occurred: 'x' is an illegal predicate name.  Individual variables may not be used as predicates.
\F2.(\F3.exists x.(_car(x) & F2(x) & F3(x)) & exists x.(_student(x) & \F2.exists z4.(_car(z4) & x(z4) & F2(z4)) & F2(x)))
                                                                                                ^
Sentence: John is going to Paris by car , and the students by train .
Tree XML:
<sentence>
  <tokens>
    <token start="0" span="1" pos="NNP" chunk="I-NP" entity="I-PER" cat="N" id="t0_0" surf="John" base="john"/>
    <token start="1" span="1" pos="VBZ" chunk="I-VP" entity="O" cat="(S[dcl]\NP)/(S[ng]\NP)" id="t0_1" surf="is" base="be"/>
    <token start="2" span="1" pos="VBG" chunk="I-VP" entity="O" cat="S[ng]\NP" id="t0_2" surf="going" base="go"/>
    <token start="3" span="1" pos="TO" chunk="I-PP" entity="O" cat="((S\NP)\(S\NP))/NP" id="t0_3" surf="to" base="to"/>
    <token start="4" span="1" pos="NNP" chunk="I-NP" entity="I-LOC" cat="N" id="t0_4" surf="Paris" base="paris"/>
    <token start="5" span="1" pos="IN" chunk="I-PP" entity="O" cat="((S\NP)\(S\NP))/NP" id="t0_5" surf="by" base="by"/>
    <token start="6" span="1" pos="NN" chunk="I-NP" entity="O" cat="N" id="t0_6" surf="car" base="car"/>
    <token start="7" span="1" pos="," chunk="O" entity="O" cat="," id="t0_7" surf="," base=","/>
    <token start="8" span="1" pos="CC" chunk="O" entity="O" cat="conj" id="t0_8" surf="and" base="and"/>
    <token start="9" span="1" pos="DT" chunk="I-NP" entity="O" cat="NP[nb]/N" id="t0_9" surf="the" base="the"/>
    <token start="10" span="1" pos="NNS" chunk="I-NP" entity="O" cat="N" id="t0_10" surf="students" base="student"/>
    <token start="11" span="1" pos="IN" chunk="I-PP" entity="O" cat="((S\NP)\(S\NP))/NP" id="t0_11" surf="by" base="by"/>
    <token start="12" span="1" pos="NN" chunk="I-NP" entity="O" cat="N" id="t0_12" surf="train" base="train"/>
    <token start="13" span="1" pos="." chunk="O" entity="O" cat="." id="t0_13" surf="." base="."/>
  </tokens>
  <ccg root="s0_sp0" id="s0_ccg0">
    <span root="true" id="s0_sp0" child="s0_sp1 s0_sp30" pos="None" category="S[dcl=true]" rule="rp"/>
    <span id="s0_sp1" child="s0_sp2 s0_sp4" pos="None" category="S[dcl=true]" rule="ba"/>
    <span id="s0_sp2" child="s0_sp3" pos="None" category="NP" rule="lex"/>
    <span start="0" span="1" pos="NNP" chunk="I-NP" entity="I-PER" id="s0_sp3" surf="John" base="john" terminal="t0_0" category="N"/>
    <span id="s0_sp4" child="s0_sp5 s0_sp6" pos="None" category="S[dcl=true]\NP" rule="fa"/>
    <span start="1" span="1" pos="VBZ" chunk="I-VP" entity="O" id="s0_sp5" surf="is" base="be" terminal="t0_1" category="(S[dcl=true]\NP)/(S[ng=true]\NP)"/>
    <span id="s0_sp6" child="s0_sp7 s0_sp26" pos="None" category="S[ng=true]\NP" rule="ba"/>
    <span id="s0_sp7" child="s0_sp8 s0_sp14" pos="None" category="S[ng=true]\NP" rule="ba"/>
    <span id="s0_sp8" child="s0_sp9 s0_sp10" pos="None" category="S[ng=true]\NP" rule="ba"/>
    <span start="2" span="1" pos="VBG" chunk="I-VP" entity="O" id="s0_sp9" surf="going" base="go" terminal="t0_2" category="S[ng=true]\NP"/>
    <span id="s0_sp10" child="s0_sp11 s0_sp12" pos="None" category="(S[X=true]\NP)\(S[X=true]\NP)" rule="fa"/>
    <span start="3" span="1" pos="TO" chunk="I-PP" entity="O" id="s0_sp11" surf="to" base="to" terminal="t0_3" category="((S\NP)\(S\NP))/NP"/>
    <span id="s0_sp12" child="s0_sp13" pos="None" category="NP" rule="lex"/>
    <span start="4" span="1" pos="NNP" chunk="I-NP" entity="I-LOC" id="s0_sp13" surf="Paris" base="paris" terminal="t0_4" category="N"/>
    <span id="s0_sp14" child="s0_sp15 s0_sp16" pos="None" category="(S[X=true]\NP)\(S[X=true]\NP)" rule="fa"/>
    <span start="5" span="1" pos="IN" chunk="I-PP" entity="O" id="s0_sp15" surf="by" base="by" terminal="t0_5" category="((S\NP)\(S\NP))/NP"/>
    <span id="s0_sp16" child="s0_sp17 s0_sp19" pos="None" category="NP[nb=true]" rule="ba"/>
    <span id="s0_sp17" child="s0_sp18" pos="None" category="NP" rule="lex"/>
    <span start="6" span="1" pos="NN" chunk="I-NP" entity="O" id="s0_sp18" surf="car" base="car" terminal="t0_6" category="N"/>
    <span id="s0_sp19" child="s0_sp20 s0_sp21" pos="None" category="NP[nb=true]\NP[nb=true]" rule="lp"/>
    <span start="7" span="1" pos="," chunk="O" entity="O" id="s0_sp20" surf="," base="," terminal="t0_7" category="=true,"/>
    <span id="s0_sp21" child="s0_sp22 s0_sp23" pos="None" category="NP[nb=true]\NP[nb=true]" rule="conj"/>
    <span start="8" span="1" pos="CC" chunk="O" entity="O" id="s0_sp22" surf="and" base="and" terminal="t0_8" category="conj"/>
    <span id="s0_sp23" child="s0_sp24 s0_sp25" pos="None" category="NP[nb=true]" rule="fa"/>
    <span start="9" span="1" pos="DT" chunk="I-NP" entity="O" id="s0_sp24" surf="the" base="the" terminal="t0_9" category="NP[nb=true]/N"/>
    <span start="10" span="1" pos="NNS" chunk="I-NP" entity="O" id="s0_sp25" surf="students" base="student" terminal="t0_10" category="N"/>
    <span id="s0_sp26" child="s0_sp27 s0_sp28" pos="None" category="(S[X=true]\NP)\(S[X=true]\NP)" rule="fa"/>
    <span start="11" span="1" pos="IN" chunk="I-PP" entity="O" id="s0_sp27" surf="by" base="by" terminal="t0_11" category="((S\NP)\(S\NP))/NP"/>
    <span id="s0_sp28" child="s0_sp29" pos="None" category="NP" rule="lex"/>
    <span start="12" span="1" pos="NN" chunk="I-NP" entity="O" id="s0_sp29" surf="train" base="train" terminal="t0_12" category="N"/>
    <span start="13" span="1" pos="." chunk="O" entity="O" id="s0_sp30" surf="." base="." terminal="t0_13" category="."/>
  </ccg>
</sentence>

