ERROR:root:Failed to parse (exists x.((x = _bill) & TrueP & _do(_bill)) & \X.X)(exists x.((x = _john) & TrueP & _need(_john,exists z1.(_car(z1) & TrueP & _buy(_john,z1))))). Error: The function '(exists x.((x = _bill) & TrueP & _do(_bill)) & \X.X)' is not a Lambda Expression, an Application Expression, or a functional predicate, so it may not take arguments.
(exists x.((x = _bill) & TrueP & _do(_bill)) & \X.X)(exists x.((x = _john) & TrueP & _need(_john,exists z1.(_car(z1) & TrueP & _buy(_john,z1)))))
                                                   ^
ERROR:root:An error occurred: The function '(exists x.((x = _bill) & TrueP & _do(_bill)) & \X.X)' is not a Lambda Expression, an Application Expression, or a functional predicate, so it may not take arguments.
(exists x.((x = _bill) & TrueP & _do(_bill)) & \X.X)(exists x.((x = _john) & TrueP & _need(_john,exists z1.(_car(z1) & TrueP & _buy(_john,z1)))))
                                                   ^
Sentence: John needed to buy a car , and Bill did .
Tree XML:
<sentence>
  <tokens>
    <token start="0" span="1" pos="NNP" chunk="I-NP" entity="I-PER" cat="N" id="t0_0" surf="John" base="john"/>
    <token start="1" span="1" pos="VBD" chunk="I-VP" entity="O" cat="(S[dcl]\NP)/(S[to]\NP)" id="t0_1" surf="needed" base="need"/>
    <token start="2" span="1" pos="TO" chunk="I-VP" entity="O" cat="(S[to]\NP)/(S[b]\NP)" id="t0_2" surf="to" base="to"/>
    <token start="3" span="1" pos="VB" chunk="I-VP" entity="O" cat="(S[b]\NP)/NP" id="t0_3" surf="buy" base="buy"/>
    <token start="4" span="1" pos="DT" chunk="I-NP" entity="O" cat="NP[nb]/N" id="t0_4" surf="a" base="a"/>
    <token start="5" span="1" pos="NN" chunk="I-NP" entity="O" cat="N" id="t0_5" surf="car" base="car"/>
    <token start="6" span="1" pos="," chunk="O" entity="O" cat="," id="t0_6" surf="," base=","/>
    <token start="7" span="1" pos="CC" chunk="O" entity="O" cat="conj" id="t0_7" surf="and" base="and"/>
    <token start="8" span="1" pos="NNP" chunk="I-NP" entity="I-PER" cat="N" id="t0_8" surf="Bill" base="bill"/>
    <token start="9" span="1" pos="VBD" chunk="I-VP" entity="O" cat="S[dcl]\NP" id="t0_9" surf="did" base="do"/>
    <token start="10" span="1" pos="." chunk="O" entity="O" cat="." id="t0_10" surf="." base="."/>
  </tokens>
  <ccg root="s0_sp0" id="s0_ccg0">
    <span root="true" id="s0_sp0" child="s0_sp1 s0_sp22" pos="None" category="S[dcl=true]" rule="rp"/>
    <span id="s0_sp1" child="s0_sp2 s0_sp14" pos="None" category="S[dcl=true]" rule="ba"/>
    <span id="s0_sp2" child="s0_sp3 s0_sp5" pos="None" category="S[dcl=true]" rule="ba"/>
    <span id="s0_sp3" child="s0_sp4" pos="None" category="NP" rule="lex"/>
    <span start="0" span="1" pos="NNP" chunk="I-NP" entity="I-PER" id="s0_sp4" surf="John" base="john" terminal="t0_0" category="N"/>
    <span id="s0_sp5" child="s0_sp6 s0_sp7" pos="None" category="S[dcl=true]\NP" rule="fa"/>
    <span start="1" span="1" pos="VBD" chunk="I-VP" entity="O" id="s0_sp6" surf="needed" base="need" terminal="t0_1" category="(S[dcl=true]\NP)/(S[to=true]\NP)"/>
    <span id="s0_sp7" child="s0_sp8 s0_sp9" pos="None" category="S[to=true]\NP" rule="fa"/>
    <span start="2" span="1" pos="TO" chunk="I-VP" entity="O" id="s0_sp8" surf="to" base="to" terminal="t0_2" category="(S[to=true]\NP)/(S[b=true]\NP)"/>
    <span id="s0_sp9" child="s0_sp10 s0_sp11" pos="None" category="S[b=true]\NP" rule="fa"/>
    <span start="3" span="1" pos="VB" chunk="I-VP" entity="O" id="s0_sp10" surf="buy" base="buy" terminal="t0_3" category="(S[b=true]\NP)/NP"/>
    <span id="s0_sp11" child="s0_sp12 s0_sp13" pos="None" category="NP[nb=true]" rule="fa"/>
    <span start="4" span="1" pos="DT" chunk="I-NP" entity="O" id="s0_sp12" surf="a" base="a" terminal="t0_4" category="NP[nb=true]/N"/>
    <span start="5" span="1" pos="NN" chunk="I-NP" entity="O" id="s0_sp13" surf="car" base="car" terminal="t0_5" category="N"/>
    <span id="s0_sp14" child="s0_sp15 s0_sp16" pos="None" category="S[dcl=true]\S[dcl=true]" rule="lp"/>
    <span start="6" span="1" pos="," chunk="O" entity="O" id="s0_sp15" surf="," base="," terminal="t0_6" category="=true,"/>
    <span id="s0_sp16" child="s0_sp17 s0_sp18" pos="None" category="S[dcl=true]\S[dcl=true]" rule="conj"/>
    <span start="7" span="1" pos="CC" chunk="O" entity="O" id="s0_sp17" surf="and" base="and" terminal="t0_7" category="conj"/>
    <span id="s0_sp18" child="s0_sp19 s0_sp21" pos="None" category="S[dcl=true]" rule="ba"/>
    <span id="s0_sp19" child="s0_sp20" pos="None" category="NP" rule="lex"/>
    <span start="8" span="1" pos="NNP" chunk="I-NP" entity="I-PER" id="s0_sp20" surf="Bill" base="bill" terminal="t0_8" category="N"/>
    <span start="9" span="1" pos="VBD" chunk="I-VP" entity="O" id="s0_sp21" surf="did" base="do" terminal="t0_9" category="S[dcl=true]\NP"/>
    <span start="10" span="1" pos="." chunk="O" entity="O" id="s0_sp22" surf="." base="." terminal="t0_10" category="."/>
  </ccg>
</sentence>

