ERROR:root:Failed to parse ((exists x.((x = _jones) & _jones & \F2.exists x.((x = _smith) & _jones(_smith) & F2(_smith))) | exists x.((x = _anderson) & _anderson & \F2.exists x.((x = _smith) & _anderson(_smith) & F2(_smith))))(\w.TrueP))(\x.exists z1.(_contract(z1) & TrueP & _sign(x,z1))). Error: The function '(exists x.((x = _jones) & _jones & \F2.exists x.((x = _smith) & _jones(_smith) & F2(_smith))) | exists x.((x = _anderson) & _anderson & \F2.exists x.((x = _smith) & _anderson(_smith) & F2(_smith))))' is not a Lambda Expression, an Application Expression, or a functional predicate, so it may not take arguments.
((exists x.((x = _jones) & _jones & \F2.exists x.((x = _smith) & _jones(_smith) & F2(_smith))) | exists x.((x = _anderson) & _anderson & \F2.exists x.((x = _smith) & _anderson(_smith) & F2(_smith))))(\w.TrueP))(\x.exists z1.(_contract(z1) & TrueP & _sign(x,z1)))
                                                                                                                                                                                                      ^
ERROR:root:An error occurred: The function '(exists x.((x = _jones) & _jones & \F2.exists x.((x = _smith) & _jones(_smith) & F2(_smith))) | exists x.((x = _anderson) & _anderson & \F2.exists x.((x = _smith) & _anderson(_smith) & F2(_smith))))' is not a Lambda Expression, an Application Expression, or a functional predicate, so it may not take arguments.
((exists x.((x = _jones) & _jones & \F2.exists x.((x = _smith) & _jones(_smith) & F2(_smith))) | exists x.((x = _anderson) & _anderson & \F2.exists x.((x = _smith) & _anderson(_smith) & F2(_smith))))(\w.TrueP))(\x.exists z1.(_contract(z1) & TrueP & _sign(x,z1)))
                                                                                                                                                                                                      ^
Sentence: Either Smith , Jones or Anderson signed the contract .
Tree XML:
<sentence>
  <tokens>
    <token start="0" span="1" pos="NNP" chunk="I-NP" entity="I-PER" cat="N/N" id="t0_0" surf="Either" base="either"/>
    <token start="1" span="1" pos="NNP" chunk="I-NP" entity="I-PER" cat="N" id="t0_1" surf="Smith" base="smith"/>
    <token start="2" span="1" pos="," chunk="O" entity="O" cat="," id="t0_2" surf="," base=","/>
    <token start="3" span="1" pos="NNP" chunk="I-NP" entity="I-LOC" cat="N" id="t0_3" surf="Jones" base="jones"/>
    <token start="4" span="1" pos="CC" chunk="I-NP" entity="O" cat="conj" id="t0_4" surf="or" base="or"/>
    <token start="5" span="1" pos="NNP" chunk="I-NP" entity="I-LOC" cat="N" id="t0_5" surf="Anderson" base="anderson"/>
    <token start="6" span="1" pos="VBD" chunk="I-VP" entity="O" cat="(S[dcl]\NP)/NP" id="t0_6" surf="signed" base="sign"/>
    <token start="7" span="1" pos="DT" chunk="I-NP" entity="O" cat="NP[nb]/N" id="t0_7" surf="the" base="the"/>
    <token start="8" span="1" pos="NN" chunk="I-NP" entity="O" cat="N" id="t0_8" surf="contract" base="contract"/>
    <token start="9" span="1" pos="." chunk="O" entity="O" cat="." id="t0_9" surf="." base="."/>
  </tokens>
  <ccg root="s0_sp0" id="s0_ccg0">
    <span root="true" id="s0_sp0" child="s0_sp1 s0_sp21" pos="None" category="S[dcl=true]" rule="rp"/>
    <span id="s0_sp1" child="s0_sp2 s0_sp16" pos="None" category="S[dcl=true]" rule="ba"/>
    <span id="s0_sp2" child="s0_sp3 s0_sp7" pos="None" category="NP" rule="ba"/>
    <span id="s0_sp3" child="s0_sp4" pos="None" category="NP" rule="lex"/>
    <span id="s0_sp4" child="s0_sp5 s0_sp6" pos="None" category="N" rule="fa"/>
    <span start="0" span="1" pos="NNP" chunk="I-NP" entity="I-PER" id="s0_sp5" surf="Either" base="either" terminal="t0_0" category="N/N"/>
    <span start="1" span="1" pos="NNP" chunk="I-NP" entity="I-PER" id="s0_sp6" surf="Smith" base="smith" terminal="t0_1" category="N"/>
    <span id="s0_sp7" child="s0_sp8 s0_sp9" pos="None" category="NP\NP" rule="lp"/>
    <span start="2" span="1" pos="," chunk="O" entity="O" id="s0_sp8" surf="," base="," terminal="t0_2" category="=true,"/>
    <span id="s0_sp9" child="s0_sp10 s0_sp12" pos="None" category="NP" rule="ba"/>
    <span id="s0_sp10" child="s0_sp11" pos="None" category="NP" rule="lex"/>
    <span start="3" span="1" pos="NNP" chunk="I-NP" entity="I-LOC" id="s0_sp11" surf="Jones" base="jones" terminal="t0_3" category="N"/>
    <span id="s0_sp12" child="s0_sp13 s0_sp14" pos="None" category="NP\NP" rule="conj"/>
    <span start="4" span="1" pos="CC" chunk="I-NP" entity="O" id="s0_sp13" surf="or" base="or" terminal="t0_4" category="conj"/>
    <span id="s0_sp14" child="s0_sp15" pos="None" category="NP" rule="lex"/>
    <span start="5" span="1" pos="NNP" chunk="I-NP" entity="I-LOC" id="s0_sp15" surf="Anderson" base="anderson" terminal="t0_5" category="N"/>
    <span id="s0_sp16" child="s0_sp17 s0_sp18" pos="None" category="S[dcl=true]\NP" rule="fa"/>
    <span start="6" span="1" pos="VBD" chunk="I-VP" entity="O" id="s0_sp17" surf="signed" base="sign" terminal="t0_6" category="(S[dcl=true]\NP)/NP"/>
    <span id="s0_sp18" child="s0_sp19 s0_sp20" pos="None" category="NP[nb=true]" rule="fa"/>
    <span start="7" span="1" pos="DT" chunk="I-NP" entity="O" id="s0_sp19" surf="the" base="the" terminal="t0_7" category="NP[nb=true]/N"/>
    <span start="8" span="1" pos="NN" chunk="I-NP" entity="O" id="s0_sp20" surf="contract" base="contract" terminal="t0_8" category="N"/>
    <span start="9" span="1" pos="." chunk="O" entity="O" id="s0_sp21" surf="." base="." terminal="t0_9" category="."/>
  </ccg>
</sentence>

