ERROR:root:Failed to parse \Q2.Q2(\w.TrueP,\x.exists x.((x = _jones) & _company(_jones) & TrueP)(\y._represent(x,y))). Error: The function '((x = _jones) & _company(_jones) & TrueP)' is not a Lambda Expression, an Application Expression, or a functional predicate, so it may not take arguments.
\Q2.Q2(\w.TrueP,\x.exists x.((x = _jones) & _company(_jones) & TrueP)(\y._represent(x,y)))
                                                                    ^
ERROR:root:An error occurred: The function '((x = _jones) & _company(_jones) & TrueP)' is not a Lambda Expression, an Application Expression, or a functional predicate, so it may not take arguments.
\Q2.Q2(\w.TrueP,\x.exists x.((x = _jones) & _company(_jones) & TrueP)(\y._represent(x,y)))
                                                                    ^
Sentence: Smith represents Jones ' company .
Tree XML:
<sentence>
  <tokens>
    <token start="0" span="1" pos="NNP" chunk="I-NP" entity="I-PER" cat="N" id="t1_0" surf="Smith" base="smith"/>
    <token start="1" span="1" pos="VBZ" chunk="I-VP" entity="O" cat="(S[dcl]\NP)/NP" id="t1_1" surf="represents" base="represent"/>
    <token start="2" span="1" pos="NNP" chunk="I-NP" entity="I-LOC" cat="N" id="t1_2" surf="Jones" base="jones"/>
    <token start="3" span="1" pos="POS" chunk="B-NP" entity="O" cat="(NP[nb]/N)\NP" id="t1_3" surf="'" base="'"/>
    <token start="4" span="1" pos="NN" chunk="I-NP" entity="O" cat="N" id="t1_4" surf="company" base="company"/>
    <token start="5" span="1" pos="." chunk="O" entity="O" cat="." id="t1_5" surf="." base="."/>
  </tokens>
  <ccg root="s1_sp0" id="s1_ccg0">
    <span root="true" id="s1_sp0" child="s1_sp1 s1_sp12" pos="None" category="S[dcl=true]" rule="rp"/>
    <span id="s1_sp1" child="s1_sp2 s1_sp4" pos="None" category="S[dcl=true]" rule="ba"/>
    <span id="s1_sp2" child="s1_sp3" pos="None" category="NP" rule="lex"/>
    <span start="0" span="1" pos="NNP" chunk="I-NP" entity="I-PER" id="s1_sp3" surf="Smith" base="smith" terminal="t1_0" category="N"/>
    <span id="s1_sp4" child="s1_sp5 s1_sp6" pos="None" category="S[dcl=true]\NP" rule="fa"/>
    <span start="1" span="1" pos="VBZ" chunk="I-VP" entity="O" id="s1_sp5" surf="represents" base="represent" terminal="t1_1" category="(S[dcl=true]\NP)/NP"/>
    <span id="s1_sp6" child="s1_sp7 s1_sp11" pos="None" category="NP[nb=true]" rule="fa"/>
    <span id="s1_sp7" child="s1_sp8 s1_sp10" pos="None" category="NP[nb=true]/N" rule="ba"/>
    <span id="s1_sp8" child="s1_sp9" pos="None" category="NP" rule="lex"/>
    <span start="2" span="1" pos="NNP" chunk="I-NP" entity="I-LOC" id="s1_sp9" surf="Jones" base="jones" terminal="t1_2" category="N"/>
    <span start="3" span="1" pos="POS" chunk="B-NP" entity="O" id="s1_sp10" surf="'" base="'" terminal="t1_3" category="(NP[nb=true]/N)\NP"/>
    <span start="4" span="1" pos="NN" chunk="I-NP" entity="O" id="s1_sp11" surf="company" base="company" terminal="t1_4" category="N"/>
    <span start="5" span="1" pos="." chunk="O" entity="O" id="s1_sp12" surf="." base="." terminal="t1_5" category="."/>
  </ccg>
</sentence>

