ERROR:root:Failed to parse (exists x.((x = _bill) & TrueP & _too(_bill) & _do(_bill)) & \X.X)(exists x.((x = _john) & TrueP & _say(_john,exists x.((x = _mary) & TrueP & exists z1.(_report(z1) & TrueP & _write(_mary,z1)))))). Error: The function '(exists x.((x = _bill) & TrueP & _too(_bill) & _do(_bill)) & \X.X)' is not a Lambda Expression, an Application Expression, or a functional predicate, so it may not take arguments.
(exists x.((x = _bill) & TrueP & _too(_bill) & _do(_bill)) & \X.X)(exists x.((x = _john) & TrueP & _say(_john,exists x.((x = _mary) & TrueP & exists z1.(_report(z1) & TrueP & _write(_mary,z1))))))
                                                                 ^
ERROR:root:An error occurred: The function '(exists x.((x = _bill) & TrueP & _too(_bill) & _do(_bill)) & \X.X)' is not a Lambda Expression, an Application Expression, or a functional predicate, so it may not take arguments.
(exists x.((x = _bill) & TrueP & _too(_bill) & _do(_bill)) & \X.X)(exists x.((x = _john) & TrueP & _say(_john,exists x.((x = _mary) & TrueP & exists z1.(_report(z1) & TrueP & _write(_mary,z1))))))
                                                                 ^
Sentence: John said Mary wrote a report , and Bill did too .
Tree XML:
<sentence>
  <tokens>
    <token start="0" span="1" pos="NNP" chunk="I-NP" entity="I-PER" cat="N" id="t0_0" surf="John" base="john"/>
    <token start="1" span="1" pos="VBD" chunk="I-VP" entity="O" cat="(S[dcl]\NP)/S[dcl]" id="t0_1" surf="said" base="say"/>
    <token start="2" span="1" pos="NNP" chunk="I-NP" entity="I-PER" cat="N" id="t0_2" surf="Mary" base="mary"/>
    <token start="3" span="1" pos="VBD" chunk="I-VP" entity="O" cat="(S[dcl]\NP)/NP" id="t0_3" surf="wrote" base="write"/>
    <token start="4" span="1" pos="DT" chunk="I-NP" entity="O" cat="NP[nb]/N" id="t0_4" surf="a" base="a"/>
    <token start="5" span="1" pos="NN" chunk="I-NP" entity="O" cat="N" id="t0_5" surf="report" base="report"/>
    <token start="6" span="1" pos="," chunk="O" entity="O" cat="," id="t0_6" surf="," base=","/>
    <token start="7" span="1" pos="CC" chunk="O" entity="O" cat="conj" id="t0_7" surf="and" base="and"/>
    <token start="8" span="1" pos="NNP" chunk="I-NP" entity="I-PER" cat="N" id="t0_8" surf="Bill" base="bill"/>
    <token start="9" span="1" pos="VBD" chunk="I-VP" entity="O" cat="S[dcl]\NP" id="t0_9" surf="did" base="do"/>
    <token start="10" span="1" pos="RB" chunk="I-ADVP" entity="O" cat="(S\NP)\(S\NP)" id="t0_10" surf="too" base="too"/>
    <token start="11" span="1" pos="." chunk="O" entity="O" cat="." id="t0_11" surf="." base="."/>
  </tokens>
  <ccg root="s0_sp0" id="s0_ccg0">
    <span root="true" id="s0_sp0" child="s0_sp1 s0_sp25" pos="None" category="S[dcl=true]" rule="rp"/>
    <span id="s0_sp1" child="s0_sp2 s0_sp15" pos="None" category="S[dcl=true]" rule="ba"/>
    <span id="s0_sp2" child="s0_sp3 s0_sp5" pos="None" category="S[dcl=true]" rule="ba"/>
    <span id="s0_sp3" child="s0_sp4" pos="None" category="NP" rule="lex"/>
    <span start="0" span="1" pos="NNP" chunk="I-NP" entity="I-PER" id="s0_sp4" surf="John" base="john" terminal="t0_0" category="N"/>
    <span id="s0_sp5" child="s0_sp6 s0_sp7" pos="None" category="S[dcl=true]\NP" rule="fa"/>
    <span start="1" span="1" pos="VBD" chunk="I-VP" entity="O" id="s0_sp6" surf="said" base="say" terminal="t0_1" category="(S[dcl=true]\NP)/S[dcl=true]"/>
    <span id="s0_sp7" child="s0_sp8 s0_sp10" pos="None" category="S[dcl=true]" rule="ba"/>
    <span id="s0_sp8" child="s0_sp9" pos="None" category="NP" rule="lex"/>
    <span start="2" span="1" pos="NNP" chunk="I-NP" entity="I-PER" id="s0_sp9" surf="Mary" base="mary" terminal="t0_2" category="N"/>
    <span id="s0_sp10" child="s0_sp11 s0_sp12" pos="None" category="S[dcl=true]\NP" rule="fa"/>
    <span start="3" span="1" pos="VBD" chunk="I-VP" entity="O" id="s0_sp11" surf="wrote" base="write" terminal="t0_3" category="(S[dcl=true]\NP)/NP"/>
    <span id="s0_sp12" child="s0_sp13 s0_sp14" pos="None" category="NP[nb=true]" rule="fa"/>
    <span start="4" span="1" pos="DT" chunk="I-NP" entity="O" id="s0_sp13" surf="a" base="a" terminal="t0_4" category="NP[nb=true]/N"/>
    <span start="5" span="1" pos="NN" chunk="I-NP" entity="O" id="s0_sp14" surf="report" base="report" terminal="t0_5" category="N"/>
    <span id="s0_sp15" child="s0_sp16 s0_sp17" pos="None" category="S[dcl=true]\S[dcl=true]" rule="lp"/>
    <span start="6" span="1" pos="," chunk="O" entity="O" id="s0_sp16" surf="," base="," terminal="t0_6" category="=true,"/>
    <span id="s0_sp17" child="s0_sp18 s0_sp19" pos="None" category="S[dcl=true]\S[dcl=true]" rule="conj"/>
    <span start="7" span="1" pos="CC" chunk="O" entity="O" id="s0_sp18" surf="and" base="and" terminal="t0_7" category="conj"/>
    <span id="s0_sp19" child="s0_sp20 s0_sp22" pos="None" category="S[dcl=true]" rule="ba"/>
    <span id="s0_sp20" child="s0_sp21" pos="None" category="NP" rule="lex"/>
    <span start="8" span="1" pos="NNP" chunk="I-NP" entity="I-PER" id="s0_sp21" surf="Bill" base="bill" terminal="t0_8" category="N"/>
    <span id="s0_sp22" child="s0_sp23 s0_sp24" pos="None" category="S[dcl=true]\NP" rule="ba"/>
    <span start="9" span="1" pos="VBD" chunk="I-VP" entity="O" id="s0_sp23" surf="did" base="do" terminal="t0_9" category="S[dcl=true]\NP"/>
    <span start="10" span="1" pos="RB" chunk="I-ADVP" entity="O" id="s0_sp24" surf="too" base="too" terminal="t0_10" category="(S\NP)\(S\NP)"/>
    <span start="11" span="1" pos="." chunk="O" entity="O" id="s0_sp25" surf="." base="." terminal="t0_11" category="."/>
  </ccg>
</sentence>

