ERROR:root:Failed to parse \F2 F3.exists x.(exists z1.((z1 = _frank) & TrueP & Rel(x,_frank)) & exists x.(TrueP & _should((_together(x) & exists z2.(_meeting(z2) & TrueP & _to(x,z2) & _go(x)))))(x) & F2(x) & F3(x)). Error: The function '(TrueP & _should((_together(x) & exists z2.(_meeting(z2) & TrueP & _to(x,z2) & _go(x)))))' is not a Lambda Expression, an Application Expression, or a functional predicate, so it may not take arguments.
\F2 F3.exists x.(exists z1.((z1 = _frank) & TrueP & Rel(x,_frank)) & exists x.(TrueP & _should((_together(x) & exists z2.(_meeting(z2) & TrueP & _to(x,z2) & _go(x)))))(x) & F2(x) & F3(x))
                                                                                                                                                                      ^
ERROR:root:An error occurred: The function '(TrueP & _should((_together(x) & exists z2.(_meeting(z2) & TrueP & _to(x,z2) & _go(x)))))' is not a Lambda Expression, an Application Expression, or a functional predicate, so it may not take arguments.
\F2 F3.exists x.(exists z1.((z1 = _frank) & TrueP & Rel(x,_frank)) & exists x.(TrueP & _should((_together(x) & exists z2.(_meeting(z2) & TrueP & _to(x,z2) & _go(x)))))(x) & F2(x) & F3(x))
                                                                                                                                                                      ^
Sentence: Bill suggested to Frank 's boss that they should go to the meeting together , and Carl to Alan 's wife .
Tree XML:
<sentence>
  <tokens>
    <token start="0" span="1" pos="NNP" chunk="I-NP" entity="O" cat="N" id="t0_0" surf="Bill" base="bill"/>
    <token start="1" span="1" pos="VBD" chunk="I-VP" entity="O" cat="S[dcl]\NP" id="t0_1" surf="suggested" base="suggest"/>
    <token start="2" span="1" pos="TO" chunk="I-PP" entity="O" cat="((S\NP)\(S\NP))/NP" id="t0_2" surf="to" base="to"/>
    <token start="3" span="1" pos="NNP" chunk="I-NP" entity="I-PER" cat="N" id="t0_3" surf="Frank" base="frank"/>
    <token start="4" span="1" pos="POS" chunk="B-NP" entity="O" cat="(NP[nb]/N)\NP" id="t0_4" surf="'s" base="'s"/>
    <token start="5" span="1" pos="NN" chunk="I-NP" entity="O" cat="N/S[em]" id="t0_5" surf="boss" base="boss"/>
    <token start="6" span="1" pos="IN" chunk="I-SBAR" entity="O" cat="S[em]/S[dcl]" id="t0_6" surf="that" base="that"/>
    <token start="7" span="1" pos="PRP" chunk="I-NP" entity="O" cat="NP" id="t0_7" surf="they" base="they"/>
    <token start="8" span="1" pos="MD" chunk="I-VP" entity="O" cat="(S[dcl]\NP)/(S[b]\NP)" id="t0_8" surf="should" base="should"/>
    <token start="9" span="1" pos="VB" chunk="I-VP" entity="O" cat="S[b]\NP" id="t0_9" surf="go" base="go"/>
    <token start="10" span="1" pos="TO" chunk="I-PP" entity="O" cat="((S\NP)\(S\NP))/NP" id="t0_10" surf="to" base="to"/>
    <token start="11" span="1" pos="DT" chunk="I-NP" entity="O" cat="NP[nb]/N" id="t0_11" surf="the" base="the"/>
    <token start="12" span="1" pos="NN" chunk="I-NP" entity="O" cat="N" id="t0_12" surf="meeting" base="meeting"/>
    <token start="13" span="1" pos="RB" chunk="I-ADVP" entity="O" cat="(S\NP)\(S\NP)" id="t0_13" surf="together" base="together"/>
    <token start="14" span="1" pos="," chunk="O" entity="O" cat="," id="t0_14" surf="," base=","/>
    <token start="15" span="1" pos="CC" chunk="O" entity="O" cat="conj" id="t0_15" surf="and" base="and"/>
    <token start="16" span="1" pos="NNP" chunk="I-NP" entity="I-PER" cat="N" id="t0_16" surf="Carl" base="carl"/>
    <token start="17" span="1" pos="TO" chunk="I-PP" entity="O" cat="(NP\NP)/NP" id="t0_17" surf="to" base="to"/>
    <token start="18" span="1" pos="NNP" chunk="I-NP" entity="I-PER" cat="N" id="t0_18" surf="Alan" base="alan"/>
    <token start="19" span="1" pos="POS" chunk="B-NP" entity="O" cat="(NP[nb]/N)\NP" id="t0_19" surf="'s" base="'s"/>
    <token start="20" span="1" pos="NN" chunk="I-NP" entity="O" cat="N" id="t0_20" surf="wife" base="wife"/>
    <token start="21" span="1" pos="." chunk="O" entity="O" cat="." id="t0_21" surf="." base="."/>
  </tokens>
  <ccg root="s0_sp0" id="s0_ccg0">
    <span root="true" id="s0_sp0" child="s0_sp1 s0_sp46" pos="None" category="S[dcl=true]" rule="rp"/>
    <span id="s0_sp1" child="s0_sp2 s0_sp4" pos="None" category="S[dcl=true]" rule="ba"/>
    <span id="s0_sp2" child="s0_sp3" pos="None" category="NP" rule="lex"/>
    <span start="0" span="1" pos="NNP" chunk="I-NP" entity="O" id="s0_sp3" surf="Bill" base="bill" terminal="t0_0" category="N"/>
    <span id="s0_sp4" child="s0_sp5 s0_sp6" pos="None" category="S[dcl=true]\NP" rule="ba"/>
    <span start="1" span="1" pos="VBD" chunk="I-VP" entity="O" id="s0_sp5" surf="suggested" base="suggest" terminal="t0_1" category="S[dcl=true]\NP"/>
    <span id="s0_sp6" child="s0_sp7 s0_sp8" pos="None" category="(S[X=true]\NP)\(S[X=true]\NP)" rule="fa"/>
    <span start="2" span="1" pos="TO" chunk="I-PP" entity="O" id="s0_sp7" surf="to" base="to" terminal="t0_2" category="((S\NP)\(S\NP))/NP"/>
    <span id="s0_sp8" child="s0_sp9 s0_sp33" pos="None" category="NP" rule="ba"/>
    <span id="s0_sp9" child="s0_sp10 s0_sp14" pos="None" category="NP[nb=true]" rule="fa"/>
    <span id="s0_sp10" child="s0_sp11 s0_sp13" pos="None" category="NP[nb=true]/N" rule="ba"/>
    <span id="s0_sp11" child="s0_sp12" pos="None" category="NP" rule="lex"/>
    <span start="3" span="1" pos="NNP" chunk="I-NP" entity="I-PER" id="s0_sp12" surf="Frank" base="frank" terminal="t0_3" category="N"/>
    <span start="4" span="1" pos="POS" chunk="B-NP" entity="O" id="s0_sp13" surf="'s" base="'s" terminal="t0_4" category="(NP[nb=true]/N)\NP"/>
    <span id="s0_sp14" child="s0_sp15 s0_sp16" pos="None" category="N" rule="fa"/>
    <span start="5" span="1" pos="NN" chunk="I-NP" entity="O" id="s0_sp15" surf="boss" base="boss" terminal="t0_5" category="N/S[em=true]"/>
    <span id="s0_sp16" child="s0_sp17 s0_sp18" pos="None" category="S[em=true]" rule="fa"/>
    <span start="6" span="1" pos="IN" chunk="I-SBAR" entity="O" id="s0_sp17" surf="that" base="that" terminal="t0_6" category="S[em=true]/S[dcl=true]"/>
    <span id="s0_sp18" child="s0_sp19 s0_sp20" pos="None" category="S[dcl=true]" rule="ba"/>
    <span start="7" span="1" pos="PRP" chunk="I-NP" entity="O" id="s0_sp19" surf="they" base="they" terminal="t0_7" category="NP"/>
    <span id="s0_sp20" child="s0_sp21 s0_sp32" pos="None" category="S[dcl=true]\NP" rule="rp"/>
    <span id="s0_sp21" child="s0_sp22 s0_sp23" pos="None" category="S[dcl=true]\NP" rule="fa"/>
    <span start="8" span="1" pos="MD" chunk="I-VP" entity="O" id="s0_sp22" surf="should" base="should" terminal="t0_8" category="(S[dcl=true]\NP)/(S[b=true]\NP)"/>
    <span id="s0_sp23" child="s0_sp24 s0_sp31" pos="None" category="S[b=true]\NP" rule="ba"/>
    <span id="s0_sp24" child="s0_sp25 s0_sp26" pos="None" category="S[b=true]\NP" rule="ba"/>
    <span start="9" span="1" pos="VB" chunk="I-VP" entity="O" id="s0_sp25" surf="go" base="go" terminal="t0_9" category="S[b=true]\NP"/>
    <span id="s0_sp26" child="s0_sp27 s0_sp28" pos="None" category="(S[X=true]\NP)\(S[X=true]\NP)" rule="fa"/>
    <span start="10" span="1" pos="TO" chunk="I-PP" entity="O" id="s0_sp27" surf="to" base="to" terminal="t0_10" category="((S\NP)\(S\NP))/NP"/>
    <span id="s0_sp28" child="s0_sp29 s0_sp30" pos="None" category="NP[nb=true]" rule="fa"/>
    <span start="11" span="1" pos="DT" chunk="I-NP" entity="O" id="s0_sp29" surf="the" base="the" terminal="t0_11" category="NP[nb=true]/N"/>
    <span start="12" span="1" pos="NN" chunk="I-NP" entity="O" id="s0_sp30" surf="meeting" base="meeting" terminal="t0_12" category="N"/>
    <span start="13" span="1" pos="RB" chunk="I-ADVP" entity="O" id="s0_sp31" surf="together" base="together" terminal="t0_13" category="(S\NP)\(S\NP)"/>
    <span start="14" span="1" pos="," chunk="O" entity="O" id="s0_sp32" surf="," base="," terminal="t0_14" category="=true,"/>
    <span id="s0_sp33" child="s0_sp34 s0_sp35" pos="None" category="NP\NP" rule="conj"/>
    <span start="15" span="1" pos="CC" chunk="O" entity="O" id="s0_sp34" surf="and" base="and" terminal="t0_15" category="conj"/>
    <span id="s0_sp35" child="s0_sp36 s0_sp38" pos="None" category="NP" rule="ba"/>
    <span id="s0_sp36" child="s0_sp37" pos="None" category="NP" rule="lex"/>
    <span start="16" span="1" pos="NNP" chunk="I-NP" entity="I-PER" id="s0_sp37" surf="Carl" base="carl" terminal="t0_16" category="N"/>
    <span id="s0_sp38" child="s0_sp39 s0_sp40" pos="None" category="NP\NP" rule="fa"/>
    <span start="17" span="1" pos="TO" chunk="I-PP" entity="O" id="s0_sp39" surf="to" base="to" terminal="t0_17" category="(NP\NP)/NP"/>
    <span id="s0_sp40" child="s0_sp41 s0_sp45" pos="None" category="NP[nb=true]" rule="fa"/>
    <span id="s0_sp41" child="s0_sp42 s0_sp44" pos="None" category="NP[nb=true]/N" rule="ba"/>
    <span id="s0_sp42" child="s0_sp43" pos="None" category="NP" rule="lex"/>
    <span start="18" span="1" pos="NNP" chunk="I-NP" entity="I-PER" id="s0_sp43" surf="Alan" base="alan" terminal="t0_18" category="N"/>
    <span start="19" span="1" pos="POS" chunk="B-NP" entity="O" id="s0_sp44" surf="'s" base="'s" terminal="t0_19" category="(NP[nb=true]/N)\NP"/>
    <span start="20" span="1" pos="NN" chunk="I-NP" entity="O" id="s0_sp45" surf="wife" base="wife" terminal="t0_20" category="N"/>
    <span start="21" span="1" pos="." chunk="O" entity="O" id="s0_sp46" surf="." base="." terminal="t0_21" category="."/>
  </ccg>
</sentence>

