ERROR:root:Failed to parse (_two(\x._more(x)) & TrueP)(\x._hour(x)). Error: The function '(_two(\x._more(x)) & TrueP)' is not a Lambda Expression, an Application Expression, or a functional predicate, so it may not take arguments.
(_two(\x._more(x)) & TrueP)(\x._hour(x))
                          ^
ERROR:root:An error occurred: The function '(_two(\x._more(x)) & TrueP)' is not a Lambda Expression, an Application Expression, or a functional predicate, so it may not take arguments.
(_two(\x._more(x)) & TrueP)(\x._hour(x))
                          ^
Sentence: Smith spent more than two hours writing the report .
Tree XML:
<sentence>
  <tokens>
    <token start="0" span="1" pos="NNP" chunk="I-NP" entity="I-PER" cat="N" id="t1_0" surf="Smith" base="smith"/>
    <token start="1" span="1" pos="VBD" chunk="I-VP" entity="O" cat="(S[dcl]\NP)/NP" id="t1_1" surf="spent" base="spend"/>
    <token start="2" span="1" pos="JJR" chunk="I-NP" entity="O" cat="S[adj]\NP" id="t1_2" surf="more" base="more"/>
    <token start="3" span="1" pos="IN" chunk="I-NP" entity="O" cat="((N/N)/(N/N))\(S[adj]\NP)" id="t1_3" surf="than" base="than"/>
    <token start="4" span="1" pos="CD" chunk="I-NP" entity="O" cat="N/N" id="t1_4" surf="two" base="two"/>
    <token start="5" span="1" pos="NNS" chunk="I-NP" entity="O" cat="N" id="t1_5" surf="hours" base="hour"/>
    <token start="6" span="1" pos="VBG" chunk="I-VP" entity="O" cat="(S[ng]\NP)/NP" id="t1_6" surf="writing" base="write"/>
    <token start="7" span="1" pos="DT" chunk="I-NP" entity="O" cat="NP[nb]/N" id="t1_7" surf="the" base="the"/>
    <token start="8" span="1" pos="NN" chunk="I-NP" entity="O" cat="N" id="t1_8" surf="report" base="report"/>
    <token start="9" span="1" pos="." chunk="O" entity="O" cat="." id="t1_9" surf="." base="."/>
  </tokens>
  <ccg root="s1_sp0" id="s1_ccg0">
    <span root="true" id="s1_sp0" child="s1_sp1 s1_sp21" pos="None" category="S[dcl=true]" rule="rp"/>
    <span id="s1_sp1" child="s1_sp2 s1_sp4" pos="None" category="S[dcl=true]" rule="ba"/>
    <span id="s1_sp2" child="s1_sp3" pos="None" category="NP" rule="lex"/>
    <span start="0" span="1" pos="NNP" chunk="I-NP" entity="I-PER" id="s1_sp3" surf="Smith" base="smith" terminal="t1_0" category="N"/>
    <span id="s1_sp4" child="s1_sp5 s1_sp15" pos="None" category="S[dcl=true]\NP" rule="ba"/>
    <span id="s1_sp5" child="s1_sp6 s1_sp7" pos="None" category="S[dcl=true]\NP" rule="fa"/>
    <span start="1" span="1" pos="VBD" chunk="I-VP" entity="O" id="s1_sp6" surf="spent" base="spend" terminal="t1_1" category="(S[dcl=true]\NP)/NP"/>
    <span id="s1_sp7" child="s1_sp8" pos="None" category="NP" rule="lex"/>
    <span id="s1_sp8" child="s1_sp9 s1_sp14" pos="None" category="N" rule="fa"/>
    <span id="s1_sp9" child="s1_sp10 s1_sp13" pos="None" category="N/N" rule="fa"/>
    <span id="s1_sp10" child="s1_sp11 s1_sp12" pos="None" category="(N/N)/(N/N)" rule="ba"/>
    <span start="2" span="1" pos="JJR" chunk="I-NP" entity="O" id="s1_sp11" surf="more" base="more" terminal="t1_2" category="S[adj=true]\NP"/>
    <span start="3" span="1" pos="IN" chunk="I-NP" entity="O" id="s1_sp12" surf="than" base="than" terminal="t1_3" category="((N/N)/(N/N))\(S[adj=true]\NP)"/>
    <span start="4" span="1" pos="CD" chunk="I-NP" entity="O" id="s1_sp13" surf="two" base="two" terminal="t1_4" category="N/N"/>
    <span start="5" span="1" pos="NNS" chunk="I-NP" entity="O" id="s1_sp14" surf="hours" base="hour" terminal="t1_5" category="N"/>
    <span id="s1_sp15" child="s1_sp16" pos="None" category="(S[X=true]\NP)\(S[X=true]\NP)" rule="lex"/>
    <span id="s1_sp16" child="s1_sp17 s1_sp18" pos="None" category="S[ng=true]\NP" rule="fa"/>
    <span start="6" span="1" pos="VBG" chunk="I-VP" entity="O" id="s1_sp17" surf="writing" base="write" terminal="t1_6" category="(S[ng=true]\NP)/NP"/>
    <span id="s1_sp18" child="s1_sp19 s1_sp20" pos="None" category="NP[nb=true]" rule="fa"/>
    <span start="7" span="1" pos="DT" chunk="I-NP" entity="O" id="s1_sp19" surf="the" base="the" terminal="t1_7" category="NP[nb=true]/N"/>
    <span start="8" span="1" pos="NN" chunk="I-NP" entity="O" id="s1_sp20" surf="report" base="report" terminal="t1_8" category="N"/>
    <span start="9" span="1" pos="." chunk="O" entity="O" id="s1_sp21" surf="." base="." terminal="t1_9" category="."/>
  </ccg>
</sentence>

