ERROR:root:Failed to parse (exists x.(TrueP & _will(_furious(x))) & _;)(exists x.(TrueP & _have(x) & _dupe(x))). Error: The function '(exists x.(TrueP & _will(_furious(x))) & _;)' is not a Lambda Expression, an Application Expression, or a functional predicate, so it may not take arguments.
(exists x.(TrueP & _will(_furious(x))) & _;)(exists x.(TrueP & _have(x) & _dupe(x)))
                                           ^
ERROR:root:An error occurred: The function '(exists x.(TrueP & _will(_furious(x))) & _;)' is not a Lambda Expression, an Application Expression, or a functional predicate, so it may not take arguments.
(exists x.(TrueP & _will(_furious(x))) & _;)(exists x.(TrueP & _have(x) & _dupe(x)))
                                           ^
Sentence: It will be the case that in a few weeks Smith will discover that she has been duped ; and she will be furious .
Tree XML:
<sentence>
  <tokens>
    <token start="0" span="1" pos="PRP" chunk="I-NP" entity="O" cat="NP" id="t1_0" surf="It" base="it"/>
    <token start="1" span="1" pos="MD" chunk="I-VP" entity="O" cat="(S[dcl]\NP)/(S[b]\NP)" id="t1_1" surf="will" base="will"/>
    <token start="2" span="1" pos="VB" chunk="I-VP" entity="O" cat="(S[b]\NP)/NP" id="t1_2" surf="be" base="be"/>
    <token start="3" span="1" pos="DT" chunk="I-NP" entity="O" cat="NP[nb]/N" id="t1_3" surf="the" base="the"/>
    <token start="4" span="1" pos="NN" chunk="I-NP" entity="O" cat="N" id="t1_4" surf="case" base="case"/>
    <token start="5" span="1" pos="IN" chunk="I-ADVP" entity="O" cat="(NP\NP)/S[dcl]" id="t1_5" surf="that" base="that"/>
    <token start="6" span="1" pos="IN" chunk="I-PP" entity="O" cat="(S/S)/NP" id="t1_6" surf="in" base="in"/>
    <token start="7" span="1" pos="DT" chunk="I-NP" entity="O" cat="NP[nb]/N" id="t1_7" surf="a" base="a"/>
    <token start="8" span="1" pos="JJ" chunk="I-NP" entity="O" cat="N/N" id="t1_8" surf="few" base="few"/>
    <token start="9" span="1" pos="NNS" chunk="I-NP" entity="O" cat="N" id="t1_9" surf="weeks" base="week"/>
    <token start="10" span="1" pos="NNP" chunk="I-NP" entity="I-PER" cat="N" id="t1_10" surf="Smith" base="smith"/>
    <token start="11" span="1" pos="MD" chunk="I-VP" entity="O" cat="(S[dcl]\NP)/(S[b]\NP)" id="t1_11" surf="will" base="will"/>
    <token start="12" span="1" pos="VB" chunk="I-VP" entity="O" cat="(S[b]\NP)/S[em]" id="t1_12" surf="discover" base="discover"/>
    <token start="13" span="1" pos="IN" chunk="I-SBAR" entity="O" cat="S[em]/S[dcl]" id="t1_13" surf="that" base="that"/>
    <token start="14" span="1" pos="PRP" chunk="I-NP" entity="O" cat="NP" id="t1_14" surf="she" base="she"/>
    <token start="15" span="1" pos="VBZ" chunk="I-VP" entity="O" cat="(S[dcl]\NP)/(S[pt]\NP)" id="t1_15" surf="has" base="have"/>
    <token start="16" span="1" pos="VBN" chunk="I-VP" entity="O" cat="(S[pt]\NP)/(S[pss]\NP)" id="t1_16" surf="been" base="be"/>
    <token start="17" span="1" pos="VBN" chunk="I-VP" entity="O" cat="S[pss]\NP" id="t1_17" surf="duped" base="dupe"/>
    <token start="18" span="1" pos=";" chunk="O" entity="O" cat=";" id="t1_18" surf=";" base=";"/>
    <token start="19" span="1" pos="CC" chunk="O" entity="O" cat="conj" id="t1_19" surf="and" base="and"/>
    <token start="20" span="1" pos="PRP" chunk="I-NP" entity="O" cat="NP" id="t1_20" surf="she" base="she"/>
    <token start="21" span="1" pos="MD" chunk="I-VP" entity="O" cat="(S[dcl]\NP)/(S[b]\NP)" id="t1_21" surf="will" base="will"/>
    <token start="22" span="1" pos="VB" chunk="I-VP" entity="O" cat="(S[b]\NP)/(S[adj]\NP)" id="t1_22" surf="be" base="be"/>
    <token start="23" span="1" pos="JJ" chunk="I-ADJP" entity="O" cat="S[adj]\NP" id="t1_23" surf="furious" base="furious"/>
    <token start="24" span="1" pos="." chunk="O" entity="O" cat="." id="t1_24" surf="." base="."/>
  </tokens>
  <ccg root="s1_sp0" id="s1_ccg0">
    <span root="true" id="s1_sp0" child="s1_sp1 s1_sp2" pos="None" category="S[dcl=true]" rule="ba"/>
    <span start="0" span="1" pos="PRP" chunk="I-NP" entity="O" id="s1_sp1" surf="It" base="it" terminal="t1_0" category="NP"/>
    <span id="s1_sp2" child="s1_sp3 s1_sp4" pos="None" category="S[dcl=true]\NP" rule="fa"/>
    <span start="1" span="1" pos="MD" chunk="I-VP" entity="O" id="s1_sp3" surf="will" base="will" terminal="t1_1" category="(S[dcl=true]\NP)/(S[b=true]\NP)"/>
    <span id="s1_sp4" child="s1_sp5 s1_sp6" pos="None" category="S[b=true]\NP" rule="fa"/>
    <span start="2" span="1" pos="VB" chunk="I-VP" entity="O" id="s1_sp5" surf="be" base="be" terminal="t1_2" category="(S[b=true]\NP)/NP"/>
    <span id="s1_sp6" child="s1_sp7 s1_sp10" pos="None" category="NP" rule="ba"/>
    <span id="s1_sp7" child="s1_sp8 s1_sp9" pos="None" category="NP[nb=true]" rule="fa"/>
    <span start="3" span="1" pos="DT" chunk="I-NP" entity="O" id="s1_sp8" surf="the" base="the" terminal="t1_3" category="NP[nb=true]/N"/>
    <span start="4" span="1" pos="NN" chunk="I-NP" entity="O" id="s1_sp9" surf="case" base="case" terminal="t1_4" category="N"/>
    <span id="s1_sp10" child="s1_sp11 s1_sp12" pos="None" category="NP\NP" rule="fa"/>
    <span start="5" span="1" pos="IN" chunk="I-ADVP" entity="O" id="s1_sp11" surf="that" base="that" terminal="t1_5" category="(NP\NP)/S[dcl=true]"/>
    <span id="s1_sp12" child="s1_sp13 s1_sp20" pos="None" category="S[dcl=true]" rule="fa"/>
    <span id="s1_sp13" child="s1_sp14 s1_sp15" pos="None" category="S[X=true]/S[X=true]" rule="fa"/>
    <span start="6" span="1" pos="IN" chunk="I-PP" entity="O" id="s1_sp14" surf="in" base="in" terminal="t1_6" category="(S/S)/NP"/>
    <span id="s1_sp15" child="s1_sp16 s1_sp17" pos="None" category="NP[nb=true]" rule="fa"/>
    <span start="7" span="1" pos="DT" chunk="I-NP" entity="O" id="s1_sp16" surf="a" base="a" terminal="t1_7" category="NP[nb=true]/N"/>
    <span id="s1_sp17" child="s1_sp18 s1_sp19" pos="None" category="N" rule="fa"/>
    <span start="8" span="1" pos="JJ" chunk="I-NP" entity="O" id="s1_sp18" surf="few" base="few" terminal="t1_8" category="N/N"/>
    <span start="9" span="1" pos="NNS" chunk="I-NP" entity="O" id="s1_sp19" surf="weeks" base="week" terminal="t1_9" category="N"/>
    <span id="s1_sp20" child="s1_sp21 s1_sp23" pos="None" category="S[dcl=true]" rule="ba"/>
    <span id="s1_sp21" child="s1_sp22" pos="None" category="NP" rule="lex"/>
    <span start="10" span="1" pos="NNP" chunk="I-NP" entity="I-PER" id="s1_sp22" surf="Smith" base="smith" terminal="t1_10" category="N"/>
    <span id="s1_sp23" child="s1_sp24 s1_sp25" pos="None" category="S[dcl=true]\NP" rule="fa"/>
    <span start="11" span="1" pos="MD" chunk="I-VP" entity="O" id="s1_sp24" surf="will" base="will" terminal="t1_11" category="(S[dcl=true]\NP)/(S[b=true]\NP)"/>
    <span id="s1_sp25" child="s1_sp26 s1_sp27" pos="None" category="S[b=true]\NP" rule="fa"/>
    <span start="12" span="1" pos="VB" chunk="I-VP" entity="O" id="s1_sp26" surf="discover" base="discover" terminal="t1_12" category="(S[b=true]\NP)/S[em=true]"/>
    <span id="s1_sp27" child="s1_sp28 s1_sp29" pos="None" category="S[em=true]" rule="fa"/>
    <span start="13" span="1" pos="IN" chunk="I-SBAR" entity="O" id="s1_sp28" surf="that" base="that" terminal="t1_13" category="S[em=true]/S[dcl=true]"/>
    <span id="s1_sp29" child="s1_sp30 s1_sp49" pos="None" category="S[dcl=true]" rule="rp"/>
    <span id="s1_sp30" child="s1_sp31 s1_sp38" pos="None" category="S[dcl=true]" rule="ba"/>
    <span id="s1_sp31" child="s1_sp32 s1_sp33" pos="None" category="S[dcl=true]" rule="ba"/>
    <span start="14" span="1" pos="PRP" chunk="I-NP" entity="O" id="s1_sp32" surf="she" base="she" terminal="t1_14" category="NP"/>
    <span id="s1_sp33" child="s1_sp34 s1_sp35" pos="None" category="S[dcl=true]\NP" rule="fa"/>
    <span start="15" span="1" pos="VBZ" chunk="I-VP" entity="O" id="s1_sp34" surf="has" base="have" terminal="t1_15" category="(S[dcl=true]\NP)/(S[pt=true]\NP)"/>
    <span id="s1_sp35" child="s1_sp36 s1_sp37" pos="None" category="S[pt=true]\NP" rule="fa"/>
    <span start="16" span="1" pos="VBN" chunk="I-VP" entity="O" id="s1_sp36" surf="been" base="be" terminal="t1_16" category="(S[pt=true]\NP)/(S[pss=true]\NP)"/>
    <span start="17" span="1" pos="VBN" chunk="I-VP" entity="O" id="s1_sp37" surf="duped" base="dupe" terminal="t1_17" category="S[pss=true]\NP"/>
    <span id="s1_sp38" child="s1_sp39 s1_sp40" pos="None" category="S[dcl=true]\S[dcl=true]" rule="lp"/>
    <span start="18" span="1" pos=";" chunk="O" entity="O" id="s1_sp39" surf=";" base=";" terminal="t1_18" category=";"/>
    <span id="s1_sp40" child="s1_sp41 s1_sp42" pos="None" category="S[dcl=true]\S[dcl=true]" rule="conj"/>
    <span start="19" span="1" pos="CC" chunk="O" entity="O" id="s1_sp41" surf="and" base="and" terminal="t1_19" category="conj"/>
    <span id="s1_sp42" child="s1_sp43 s1_sp44" pos="None" category="S[dcl=true]" rule="ba"/>
    <span start="20" span="1" pos="PRP" chunk="I-NP" entity="O" id="s1_sp43" surf="she" base="she" terminal="t1_20" category="NP"/>
    <span id="s1_sp44" child="s1_sp45 s1_sp46" pos="None" category="S[dcl=true]\NP" rule="fa"/>
    <span start="21" span="1" pos="MD" chunk="I-VP" entity="O" id="s1_sp45" surf="will" base="will" terminal="t1_21" category="(S[dcl=true]\NP)/(S[b=true]\NP)"/>
    <span id="s1_sp46" child="s1_sp47 s1_sp48" pos="None" category="S[b=true]\NP" rule="fa"/>
    <span start="22" span="1" pos="VB" chunk="I-VP" entity="O" id="s1_sp47" surf="be" base="be" terminal="t1_22" category="(S[b=true]\NP)/(S[adj=true]\NP)"/>
    <span start="23" span="1" pos="JJ" chunk="I-ADJP" entity="O" id="s1_sp48" surf="furious" base="furious" terminal="t1_23" category="S[adj=true]\NP"/>
    <span start="24" span="1" pos="." chunk="O" entity="O" id="s1_sp49" surf="." base="." terminal="t1_24" category="."/>
  </ccg>
</sentence>

