ERROR:root:Failed to parse (exists x.((x = _jones) & TrueP & exists z5.(_machine(z5) & exists z4.((z4 = _wednesday) & TrueP & _on(z5,_wednesday)) & TrueP & _take(_jones,z5))) & \X.X)(exists x.((x = _smith) & TrueP & exists z2.((z2 = _tuesday) & TrueP & _on(_smith,_tuesday) & exists z1.(_machine(z1) & TrueP & _take(_smith,z1))))). Error: The function '(exists x.((x = _jones) & TrueP & exists z5.(_machine(z5) & exists z4.((z4 = _wednesday) & TrueP & _on(z5,_wednesday)) & TrueP & _take(_jones,z5))) & \X.X)' is not a Lambda Expression, an Application Expression, or a functional predicate, so it may not take arguments.
(exists x.((x = _jones) & TrueP & exists z5.(_machine(z5) & exists z4.((z4 = _wednesday) & TrueP & _on(z5,_wednesday)) & TrueP & _take(_jones,z5))) & \X.X)(exists x.((x = _smith) & TrueP & exists z2.((z2 = _tuesday) & TrueP & _on(_smith,_tuesday) & exists z1.(_machine(z1) & TrueP & _take(_smith,z1)))))
                                                                                                                                                          ^
ERROR:root:An error occurred: The function '(exists x.((x = _jones) & TrueP & exists z5.(_machine(z5) & exists z4.((z4 = _wednesday) & TrueP & _on(z5,_wednesday)) & TrueP & _take(_jones,z5))) & \X.X)' is not a Lambda Expression, an Application Expression, or a functional predicate, so it may not take arguments.
(exists x.((x = _jones) & TrueP & exists z5.(_machine(z5) & exists z4.((z4 = _wednesday) & TrueP & _on(z5,_wednesday)) & TrueP & _take(_jones,z5))) & \X.X)(exists x.((x = _smith) & TrueP & exists z2.((z2 = _tuesday) & TrueP & _on(_smith,_tuesday) & exists z1.(_machine(z1) & TrueP & _take(_smith,z1)))))
                                                                                                                                                          ^
Sentence: Smith took a machine on Tuesday , and Jones took a machine on Wednesday .
Tree XML:
<sentence>
  <tokens>
    <token start="0" span="1" pos="NNP" chunk="I-NP" entity="I-PER" cat="N" id="t0_0" surf="Smith" base="smith"/>
    <token start="1" span="1" pos="VBD" chunk="I-VP" entity="O" cat="(S[dcl]\NP)/NP" id="t0_1" surf="took" base="take"/>
    <token start="2" span="1" pos="DT" chunk="I-NP" entity="O" cat="NP[nb]/N" id="t0_2" surf="a" base="a"/>
    <token start="3" span="1" pos="NN" chunk="I-NP" entity="O" cat="N" id="t0_3" surf="machine" base="machine"/>
    <token start="4" span="1" pos="IN" chunk="I-PP" entity="O" cat="((S\NP)\(S\NP))/NP" id="t0_4" surf="on" base="on"/>
    <token start="5" span="1" pos="NNP" chunk="I-NP" entity="I-DAT" cat="N" id="t0_5" surf="Tuesday" base="tuesday"/>
    <token start="6" span="1" pos="," chunk="O" entity="O" cat="," id="t0_6" surf="," base=","/>
    <token start="7" span="1" pos="CC" chunk="O" entity="O" cat="conj" id="t0_7" surf="and" base="and"/>
    <token start="8" span="1" pos="NNP" chunk="I-NP" entity="I-PER" cat="N" id="t0_8" surf="Jones" base="jones"/>
    <token start="9" span="1" pos="VBD" chunk="I-VP" entity="O" cat="(S[dcl]\NP)/NP" id="t0_9" surf="took" base="take"/>
    <token start="10" span="1" pos="DT" chunk="I-NP" entity="O" cat="NP[nb]/N" id="t0_10" surf="a" base="a"/>
    <token start="11" span="1" pos="NN" chunk="I-NP" entity="O" cat="N" id="t0_11" surf="machine" base="machine"/>
    <token start="12" span="1" pos="IN" chunk="I-PP" entity="O" cat="(NP\NP)/NP" id="t0_12" surf="on" base="on"/>
    <token start="13" span="1" pos="NNP" chunk="I-NP" entity="I-DAT" cat="N" id="t0_13" surf="Wednesday" base="wednesday"/>
    <token start="14" span="1" pos="." chunk="O" entity="O" cat="." id="t0_14" surf="." base="."/>
  </tokens>
  <ccg root="s0_sp0" id="s0_ccg0">
    <span root="true" id="s0_sp0" child="s0_sp1 s0_sp32" pos="None" category="S[dcl=true]" rule="rp"/>
    <span id="s0_sp1" child="s0_sp2 s0_sp15" pos="None" category="S[dcl=true]" rule="ba"/>
    <span id="s0_sp2" child="s0_sp3 s0_sp5" pos="None" category="S[dcl=true]" rule="ba"/>
    <span id="s0_sp3" child="s0_sp4" pos="None" category="NP" rule="lex"/>
    <span start="0" span="1" pos="NNP" chunk="I-NP" entity="I-PER" id="s0_sp4" surf="Smith" base="smith" terminal="t0_0" category="N"/>
    <span id="s0_sp5" child="s0_sp6 s0_sp11" pos="None" category="S[dcl=true]\NP" rule="ba"/>
    <span id="s0_sp6" child="s0_sp7 s0_sp8" pos="None" category="S[dcl=true]\NP" rule="fa"/>
    <span start="1" span="1" pos="VBD" chunk="I-VP" entity="O" id="s0_sp7" surf="took" base="take" terminal="t0_1" category="(S[dcl=true]\NP)/NP"/>
    <span id="s0_sp8" child="s0_sp9 s0_sp10" pos="None" category="NP[nb=true]" rule="fa"/>
    <span start="2" span="1" pos="DT" chunk="I-NP" entity="O" id="s0_sp9" surf="a" base="a" terminal="t0_2" category="NP[nb=true]/N"/>
    <span start="3" span="1" pos="NN" chunk="I-NP" entity="O" id="s0_sp10" surf="machine" base="machine" terminal="t0_3" category="N"/>
    <span id="s0_sp11" child="s0_sp12 s0_sp13" pos="None" category="(S[X=true]\NP)\(S[X=true]\NP)" rule="fa"/>
    <span start="4" span="1" pos="IN" chunk="I-PP" entity="O" id="s0_sp12" surf="on" base="on" terminal="t0_4" category="((S\NP)\(S\NP))/NP"/>
    <span id="s0_sp13" child="s0_sp14" pos="None" category="NP" rule="lex"/>
    <span start="5" span="1" pos="NNP" chunk="I-NP" entity="I-DAT" id="s0_sp14" surf="Tuesday" base="tuesday" terminal="t0_5" category="N"/>
    <span id="s0_sp15" child="s0_sp16 s0_sp17" pos="None" category="S[dcl=true]\S[dcl=true]" rule="lp"/>
    <span start="6" span="1" pos="," chunk="O" entity="O" id="s0_sp16" surf="," base="," terminal="t0_6" category="=true,"/>
    <span id="s0_sp17" child="s0_sp18 s0_sp19" pos="None" category="S[dcl=true]\S[dcl=true]" rule="conj"/>
    <span start="7" span="1" pos="CC" chunk="O" entity="O" id="s0_sp18" surf="and" base="and" terminal="t0_7" category="conj"/>
    <span id="s0_sp19" child="s0_sp20 s0_sp22" pos="None" category="S[dcl=true]" rule="ba"/>
    <span id="s0_sp20" child="s0_sp21" pos="None" category="NP" rule="lex"/>
    <span start="8" span="1" pos="NNP" chunk="I-NP" entity="I-PER" id="s0_sp21" surf="Jones" base="jones" terminal="t0_8" category="N"/>
    <span id="s0_sp22" child="s0_sp23 s0_sp24" pos="None" category="S[dcl=true]\NP" rule="fa"/>
    <span start="9" span="1" pos="VBD" chunk="I-VP" entity="O" id="s0_sp23" surf="took" base="take" terminal="t0_9" category="(S[dcl=true]\NP)/NP"/>
    <span id="s0_sp24" child="s0_sp25 s0_sp28" pos="None" category="NP" rule="ba"/>
    <span id="s0_sp25" child="s0_sp26 s0_sp27" pos="None" category="NP[nb=true]" rule="fa"/>
    <span start="10" span="1" pos="DT" chunk="I-NP" entity="O" id="s0_sp26" surf="a" base="a" terminal="t0_10" category="NP[nb=true]/N"/>
    <span start="11" span="1" pos="NN" chunk="I-NP" entity="O" id="s0_sp27" surf="machine" base="machine" terminal="t0_11" category="N"/>
    <span id="s0_sp28" child="s0_sp29 s0_sp30" pos="None" category="NP\NP" rule="fa"/>
    <span start="12" span="1" pos="IN" chunk="I-PP" entity="O" id="s0_sp29" surf="on" base="on" terminal="t0_12" category="(NP\NP)/NP"/>
    <span id="s0_sp30" child="s0_sp31" pos="None" category="NP" rule="lex"/>
    <span start="13" span="1" pos="NNP" chunk="I-NP" entity="I-DAT" id="s0_sp31" surf="Wednesday" base="wednesday" terminal="t0_13" category="N"/>
    <span start="14" span="1" pos="." chunk="O" entity="O" id="s0_sp32" surf="." base="." terminal="t0_14" category="."/>
  </ccg>
</sentence>

