ERROR:root:Failed to parse \X0 Q.Q(\w.TrueP,\x.(_seriously(x) & exists z2.(TrueP & _until(X0,z2))(\F1 F2.F2(x)))). Error: The function '(TrueP & _until(X0,z2))' is not a Lambda Expression, an Application Expression, or a functional predicate, so it may not take arguments.
\X0 Q.Q(\w.TrueP,\x.(_seriously(x) & exists z2.(TrueP & _until(X0,z2))(\F1 F2.F2(x))))
                                                                     ^
ERROR:root:An error occurred: The function '(TrueP & _until(X0,z2))' is not a Lambda Expression, an Application Expression, or a functional predicate, so it may not take arguments.
\X0 Q.Q(\w.TrueP,\x.(_seriously(x) & exists z2.(TrueP & _until(X0,z2))(\F1 F2.F2(x))))
                                                                     ^
Sentence: No one who starts gambling seriously stops until he is broke .
Tree XML:
<sentence>
  <tokens>
    <token start="0" span="1" pos="DT" chunk="I-NP" entity="O" cat="NP[nb]/N" id="t0_0" surf="No" base="no"/>
    <token start="1" span="1" pos="NN" chunk="I-NP" entity="O" cat="N" id="t0_1" surf="one" base="one"/>
    <token start="2" span="1" pos="WP" chunk="B-NP" entity="O" cat="(NP\NP)/(S[dcl]\NP)" id="t0_2" surf="who" base="who"/>
    <token start="3" span="1" pos="VBZ" chunk="I-VP" entity="O" cat="S[dcl]\NP" id="t0_3" surf="starts" base="start"/>
    <token start="4" span="1" pos="VBG" chunk="I-VP" entity="O" cat="N" id="t0_4" surf="gambling" base="gamble"/>
    <token start="5" span="1" pos="RB" chunk="I-ADVP" entity="O" cat="(S\NP)/(S\NP)" id="t0_5" surf="seriously" base="seriously"/>
    <token start="6" span="1" pos="VBZ" chunk="I-VP" entity="O" cat="((S[dcl]\NP)/NP)/PP" id="t0_6" surf="stops" base="stop"/>
    <token start="7" span="1" pos="IN" chunk="I-SBAR" entity="O" cat="PP/NP" id="t0_7" surf="until" base="until"/>
    <token start="8" span="1" pos="PRP" chunk="I-NP" entity="O" cat="NP" id="t0_8" surf="he" base="he"/>
    <token start="9" span="1" pos="VBZ" chunk="I-VP" entity="O" cat="(S[dcl]\NP)/(S[adj]\NP)" id="t0_9" surf="is" base="be"/>
    <token start="10" span="1" pos="VBN" chunk="I-VP" entity="O" cat="(S\NP)\(S\NP)" id="t0_10" surf="broke" base="break"/>
    <token start="11" span="1" pos="." chunk="O" entity="O" cat="." id="t0_11" surf="." base="."/>
  </tokens>
  <ccg root="s0_sp0" id="s0_ccg0">
    <span root="true" id="s0_sp0" child="s0_sp1 s0_sp22" pos="None" category="S[dcl=true]/(S[adj=true]\NP)" rule="fc"/>
    <span id="s0_sp1" child="s0_sp2" pos="None" category="S[X=true]/(S[X=true]\NP)" rule="tr"/>
    <span id="s0_sp2" child="s0_sp3 s0_sp10" pos="None" category="NP" rule="ba"/>
    <span id="s0_sp3" child="s0_sp4 s0_sp7" pos="None" category="NP" rule="ba"/>
    <span id="s0_sp4" child="s0_sp5 s0_sp6" pos="None" category="NP[nb=true]" rule="fa"/>
    <span start="0" span="1" pos="DT" chunk="I-NP" entity="O" id="s0_sp5" surf="No" base="no" terminal="t0_0" category="NP[nb=true]/N"/>
    <span start="1" span="1" pos="NN" chunk="I-NP" entity="O" id="s0_sp6" surf="one" base="one" terminal="t0_1" category="N"/>
    <span id="s0_sp7" child="s0_sp8 s0_sp9" pos="None" category="NP\NP" rule="fa"/>
    <span start="2" span="1" pos="WP" chunk="B-NP" entity="O" id="s0_sp8" surf="who" base="who" terminal="t0_2" category="(NP\NP)/(S[dcl=true]\NP)"/>
    <span start="3" span="1" pos="VBZ" chunk="I-VP" entity="O" id="s0_sp9" surf="starts" base="start" terminal="t0_3" category="S[dcl=true]\NP"/>
    <span id="s0_sp10" child="s0_sp11" pos="None" category="NP\NP" rule="lex"/>
    <span id="s0_sp11" child="s0_sp12 s0_sp15" pos="None" category="S[dcl=true]/NP" rule="fc"/>
    <span id="s0_sp12" child="s0_sp13" pos="None" category="S[X=true]/(S[X=true]\NP)" rule="tr"/>
    <span id="s0_sp13" child="s0_sp14" pos="None" category="NP" rule="lex"/>
    <span start="4" span="1" pos="VBG" chunk="I-VP" entity="O" id="s0_sp14" surf="gambling" base="gamble" terminal="t0_4" category="N"/>
    <span id="s0_sp15" child="s0_sp16 s0_sp17" pos="None" category="(S[dcl=true]\NP)/NP" rule="fc"/>
    <span start="5" span="1" pos="RB" chunk="I-ADVP" entity="O" id="s0_sp16" surf="seriously" base="seriously" terminal="t0_5" category="(S\NP)/(S\NP)"/>
    <span id="s0_sp17" child="s0_sp18 s0_sp19" pos="None" category="(S[dcl=true]\NP)/NP" rule="fa"/>
    <span start="6" span="1" pos="VBZ" chunk="I-VP" entity="O" id="s0_sp18" surf="stops" base="stop" terminal="t0_6" category="((S[dcl=true]\NP)/NP)/PP"/>
    <span id="s0_sp19" child="s0_sp20 s0_sp21" pos="None" category="PP" rule="fa"/>
    <span start="7" span="1" pos="IN" chunk="I-SBAR" entity="O" id="s0_sp20" surf="until" base="until" terminal="t0_7" category="PP/NP"/>
    <span start="8" span="1" pos="PRP" chunk="I-NP" entity="O" id="s0_sp21" surf="he" base="he" terminal="t0_8" category="NP"/>
    <span id="s0_sp22" child="s0_sp23 s0_sp24" pos="None" category="(S[dcl=true]\NP)/(S[adj=true]\NP)" rule="bx"/>
    <span start="9" span="1" pos="VBZ" chunk="I-VP" entity="O" id="s0_sp23" surf="is" base="be" terminal="t0_9" category="(S[dcl=true]\NP)/(S[adj=true]\NP)"/>
    <span id="s0_sp24" child="s0_sp25 s0_sp26" pos="None" category="(S[X=true]\NP)\(S[X=true]\NP)" rule="rp"/>
    <span start="10" span="1" pos="VBN" chunk="I-VP" entity="O" id="s0_sp25" surf="broke" base="break" terminal="t0_10" category="(S\NP)\(S\NP)"/>
    <span start="11" span="1" pos="." chunk="O" entity="O" id="s0_sp26" surf="." base="." terminal="t0_11" category="."/>
  </ccg>
</sentence>

